2021-11-05 17:13:55.482 INFO  com.esc.mall.MallWebApplication - Starting MallWebApplication on DESKTOP-D3C1OON with PID 944 (E:\jr_workspace\esc_mall\mall_esc_api\target\classes started by ThinkPad in E:\jr_workspace\esc_mall)
2021-11-05 17:13:55.487 INFO  com.esc.mall.MallWebApplication - The following profiles are active: dev
2021-11-05 17:13:55.549 INFO  o.s.b.w.s.c.AnnotationConfigServletWebServerApplicationContext - Refreshing org.springframework.boot.web.servlet.context.AnnotationConfigServletWebServerApplicationContext@74c79fa2: startup date [Fri Nov 05 17:13:55 CST 2021]; root of context hierarchy
2021-11-05 17:13:56.639 INFO  o.s.b.factory.support.DefaultListableBeanFactory - Overriding bean definition for bean 'myPasswordEncode' with a different definition: replacing [Generic bean: class [com.esc.mall.security.MyPasswordEncode]; scope=singleton; abstract=false; lazyInit=false; autowireMode=0; dependencyCheck=0; autowireCandidate=true; primary=false; factoryBeanName=null; factoryMethodName=null; initMethodName=null; destroyMethodName=null; defined in file [E:\jr_workspace\esc_mall\mall_esc_common\target\classes\com\esc\mall\security\MyPasswordEncode.class]] with [Root bean: class [null]; scope=; abstract=false; lazyInit=false; autowireMode=3; dependencyCheck=0; autowireCandidate=true; primary=false; factoryBeanName=securityConfig; factoryMethodName=myPasswordEncode; initMethodName=null; destroyMethodName=(inferred); defined in class path resource [com/esc/mall/security/SecurityConfig.class]]
2021-11-05 17:13:56.640 INFO  o.s.b.factory.support.DefaultListableBeanFactory - Overriding bean definition for bean 'jwtAuthenticationTokenFilter' with a different definition: replacing [Generic bean: class [com.esc.mall.security.JwtAuthenticationTokenFilter]; scope=singleton; abstract=false; lazyInit=false; autowireMode=0; dependencyCheck=0; autowireCandidate=true; primary=false; factoryBeanName=null; factoryMethodName=null; initMethodName=null; destroyMethodName=null; defined in file [E:\jr_workspace\esc_mall\mall_esc_common\target\classes\com\esc\mall\security\JwtAuthenticationTokenFilter.class]] with [Root bean: class [null]; scope=; abstract=false; lazyInit=false; autowireMode=3; dependencyCheck=0; autowireCandidate=true; primary=false; factoryBeanName=securityConfig; factoryMethodName=jwtAuthenticationTokenFilter; initMethodName=null; destroyMethodName=(inferred); defined in class path resource [com/esc/mall/security/SecurityConfig.class]]
2021-11-05 17:13:57.049 INFO  o.s.d.r.config.RepositoryConfigurationDelegate - Multiple Spring Data modules found, entering strict repository configuration mode!
2021-11-05 17:13:57.590 INFO  o.s.c.s.PostProcessorRegistrationDelegate$BeanPostProcessorChecker - Bean 'org.springframework.transaction.annotation.ProxyTransactionManagementConfiguration' of type [org.springframework.transaction.annotation.ProxyTransactionManagementConfiguration$$EnhancerBySpringCGLIB$$53060385] is not eligible for getting processed by all BeanPostProcessors (for example: not eligible for auto-proxying)
2021-11-05 17:13:57.655 INFO  o.s.c.s.PostProcessorRegistrationDelegate$BeanPostProcessorChecker - Bean 'org.springframework.security.config.annotation.configuration.ObjectPostProcessorConfiguration' of type [org.springframework.security.config.annotation.configuration.ObjectPostProcessorConfiguration$$EnhancerBySpringCGLIB$$ebb3cbbf] is not eligible for getting processed by all BeanPostProcessors (for example: not eligible for auto-proxying)
2021-11-05 17:13:57.665 INFO  o.s.c.s.PostProcessorRegistrationDelegate$BeanPostProcessorChecker - Bean 'objectPostProcessor' of type [org.springframework.security.config.annotation.configuration.AutowireBeanFactoryObjectPostProcessor] is not eligible for getting processed by all BeanPostProcessors (for example: not eligible for auto-proxying)
2021-11-05 17:13:57.668 INFO  o.s.c.s.PostProcessorRegistrationDelegate$BeanPostProcessorChecker - Bean 'org.springframework.security.access.expression.method.DefaultMethodSecurityExpressionHandler@2ba42204' of type [org.springframework.security.access.expression.method.DefaultMethodSecurityExpressionHandler] is not eligible for getting processed by all BeanPostProcessors (for example: not eligible for auto-proxying)
2021-11-05 17:13:57.674 INFO  o.s.c.s.PostProcessorRegistrationDelegate$BeanPostProcessorChecker - Bean 'org.springframework.security.config.annotation.method.configuration.GlobalMethodSecurityConfiguration' of type [org.springframework.security.config.annotation.method.configuration.GlobalMethodSecurityConfiguration$$EnhancerBySpringCGLIB$$10886e71] is not eligible for getting processed by all BeanPostProcessors (for example: not eligible for auto-proxying)
2021-11-05 17:13:57.684 INFO  o.s.c.s.PostProcessorRegistrationDelegate$BeanPostProcessorChecker - Bean 'methodSecurityMetadataSource' of type [org.springframework.security.access.method.DelegatingMethodSecurityMetadataSource] is not eligible for getting processed by all BeanPostProcessors (for example: not eligible for auto-proxying)
2021-11-05 17:13:58.167 INFO  o.s.boot.web.embedded.tomcat.TomcatWebServer - Tomcat initialized with port(s): 9000 (http)
2021-11-05 17:13:58.181 INFO  org.apache.coyote.http11.Http11NioProtocol - Initializing ProtocolHandler ["http-nio-9000"]
2021-11-05 17:13:58.196 INFO  org.apache.catalina.core.StandardService - Starting service [Tomcat]
2021-11-05 17:13:58.196 INFO  org.apache.catalina.core.StandardEngine - Starting Servlet Engine: Apache Tomcat/8.5.37
2021-11-05 17:13:58.201 INFO  org.apache.catalina.core.AprLifecycleListener - The APR based Apache Tomcat Native library which allows optimal performance in production environments was not found on the java.library.path: [C:\Program Files\Java\jdk1.8.0_241\bin;C:\Windows\Sun\Java\bin;C:\Windows\system32;C:\Windows;C:\Program Files (x86)\Common Files\Oracle\Java\javapath;C:\Windows\system32;C:\Windows;C:\Windows\System32\Wbem;C:\Windows\System32\WindowsPowerShell\v1.0\;C:\Windows\System32\OpenSSH\;"C:\Program Files\Java\jdk1.8.0_241\bin;C:\Program Files\Java\jdk1.8.0_241\jre\bin";D:\Tools\maven3.8.3\apache-maven-3.8.3\bin;D:\Tools\TortoiseSVN\bin;D:\Tools\XShell7\;D:\Tools\XFtp7\;D:\Tools\Git\Git\cmd;D:\Tools\Redis5.0.14\;C:\Program Files\MySQL\MySQL Shell 8.0\bin\;C:\Users\ThinkPad\AppData\Local\Microsoft\WindowsApps;;.]
2021-11-05 17:13:58.355 INFO  o.a.c.c.ContainerBase.[Tomcat].[localhost].[/mall] - Initializing Spring embedded WebApplicationContext
2021-11-05 17:13:58.355 INFO  org.springframework.web.context.ContextLoader - Root WebApplicationContext: initialization completed in 2806 ms
2021-11-05 17:14:00.175 INFO  o.s.boot.web.servlet.FilterRegistrationBean - Mapping filter: 'characterEncodingFilter' to: [/*]
2021-11-05 17:14:00.176 INFO  o.s.boot.web.servlet.FilterRegistrationBean - Mapping filter: 'webMvcMetricsFilter' to: [/*]
2021-11-05 17:14:00.176 INFO  o.s.boot.web.servlet.FilterRegistrationBean - Mapping filter: 'hiddenHttpMethodFilter' to: [/*]
2021-11-05 17:14:00.176 INFO  o.s.boot.web.servlet.FilterRegistrationBean - Mapping filter: 'httpPutFormContentFilter' to: [/*]
2021-11-05 17:14:00.176 INFO  o.s.boot.web.servlet.FilterRegistrationBean - Mapping filter: 'requestContextFilter' to: [/*]
2021-11-05 17:14:00.176 INFO  o.s.b.w.s.DelegatingFilterProxyRegistrationBean - Mapping filter: 'springSecurityFilterChain' to: [/*]
2021-11-05 17:14:00.177 INFO  o.s.boot.web.servlet.FilterRegistrationBean - Mapping filter: 'httpTraceFilter' to: [/*]
2021-11-05 17:14:00.177 INFO  o.s.boot.web.servlet.FilterRegistrationBean - Mapping filter: 'jwtAuthenticationTokenFilter' to: [/*]
2021-11-05 17:14:00.177 INFO  o.s.boot.web.servlet.ServletRegistrationBean - Servlet dispatcherServlet mapped to [/]
2021-11-05 17:14:00.704 INFO  o.s.w.s.m.m.a.RequestMappingHandlerMapping - Mapped "{[/v1/products/list],methods=[GET]}" onto public com.esc.mall.api.result.MallResult<com.esc.mall.model.PmsProduct> com.esc.mall.controller.ProductController.list(com.esc.mall.dto.product.PmsProductQueryDTO)
2021-11-05 17:14:00.706 INFO  o.s.w.s.m.m.a.RequestMappingHandlerMapping - Mapped "{[/v1/admin/register],methods=[POST]}" onto public com.esc.mall.api.result.MallResult com.esc.mall.controller.UmsAdminController.register(com.esc.mall.dto.ums.admin.UmsAdminRegisterDTO)
2021-11-05 17:14:00.706 INFO  o.s.w.s.m.m.a.RequestMappingHandlerMapping - Mapped "{[/v1/admin/login],methods=[POST]}" onto public com.esc.mall.api.result.MallResult com.esc.mall.controller.UmsAdminController.login(com.esc.mall.dto.ums.admin.UmsAdminLoginDTO)
2021-11-05 17:14:00.707 INFO  o.s.w.s.m.m.a.RequestMappingHandlerMapping - Mapped "{[/v1/member/register],methods=[POST]}" onto public com.esc.mall.api.result.MallResult com.esc.mall.controller.UmsMemberController.register(com.esc.mall.dto.ums.member.UmsMemberRegisterDTO)
2021-11-05 17:14:00.707 INFO  o.s.w.s.m.m.a.RequestMappingHandlerMapping - Mapped "{[/v1/member/getAuthCode],methods=[GET]}" onto public com.esc.mall.api.result.MallResult com.esc.mall.controller.UmsMemberController.getAuthCode(java.lang.String)
2021-11-05 17:14:00.710 INFO  o.s.w.s.m.m.a.RequestMappingHandlerMapping - Mapped "{[/swagger-resources/configuration/ui]}" onto public org.springframework.http.ResponseEntity<springfox.documentation.swagger.web.UiConfiguration> springfox.documentation.swagger.web.ApiResourceController.uiConfiguration()
2021-11-05 17:14:00.711 INFO  o.s.w.s.m.m.a.RequestMappingHandlerMapping - Mapped "{[/swagger-resources]}" onto public org.springframework.http.ResponseEntity<java.util.List<springfox.documentation.swagger.web.SwaggerResource>> springfox.documentation.swagger.web.ApiResourceController.swaggerResources()
2021-11-05 17:14:00.713 INFO  o.s.w.s.m.m.a.RequestMappingHandlerMapping - Mapped "{[/swagger-resources/configuration/security]}" onto public org.springframework.http.ResponseEntity<springfox.documentation.swagger.web.SecurityConfiguration> springfox.documentation.swagger.web.ApiResourceController.securityConfiguration()
2021-11-05 17:14:00.715 INFO  o.s.w.s.m.m.a.RequestMappingHandlerMapping - Mapped "{[/error]}" onto public org.springframework.http.ResponseEntity<java.util.Map<java.lang.String, java.lang.Object>> org.springframework.boot.autoconfigure.web.servlet.error.BasicErrorController.error(javax.servlet.http.HttpServletRequest)
2021-11-05 17:14:00.715 INFO  o.s.w.s.m.m.a.RequestMappingHandlerMapping - Mapped "{[/error],produces=[text/html]}" onto public org.springframework.web.servlet.ModelAndView org.springframework.boot.autoconfigure.web.servlet.error.BasicErrorController.errorHtml(javax.servlet.http.HttpServletRequest,javax.servlet.http.HttpServletResponse)
2021-11-05 17:14:00.833 INFO  o.s.b.actuate.endpoint.web.EndpointLinksResolver - Exposing 2 endpoint(s) beneath base path '/actuator'
2021-11-05 17:14:00.850 INFO  o.s.b.a.e.web.servlet.WebMvcEndpointHandlerMapping - Mapped "{[/actuator/health],methods=[GET],produces=[application/vnd.spring-boot.actuator.v2+json || application/json]}" onto public java.lang.Object org.springframework.boot.actuate.endpoint.web.servlet.AbstractWebMvcEndpointHandlerMapping$OperationHandler.handle(javax.servlet.http.HttpServletRequest,java.util.Map<java.lang.String, java.lang.String>)
2021-11-05 17:14:00.851 INFO  o.s.b.a.e.web.servlet.WebMvcEndpointHandlerMapping - Mapped "{[/actuator/info],methods=[GET],produces=[application/vnd.spring-boot.actuator.v2+json || application/json]}" onto public java.lang.Object org.springframework.boot.actuate.endpoint.web.servlet.AbstractWebMvcEndpointHandlerMapping$OperationHandler.handle(javax.servlet.http.HttpServletRequest,java.util.Map<java.lang.String, java.lang.String>)
2021-11-05 17:14:00.852 INFO  o.s.b.a.e.web.servlet.WebMvcEndpointHandlerMapping - Mapped "{[/actuator],methods=[GET],produces=[application/vnd.spring-boot.actuator.v2+json || application/json]}" onto protected java.util.Map<java.lang.String, java.util.Map<java.lang.String, org.springframework.boot.actuate.endpoint.web.Link>> org.springframework.boot.actuate.endpoint.web.servlet.WebMvcEndpointHandlerMapping.links(javax.servlet.http.HttpServletRequest,javax.servlet.http.HttpServletResponse)
2021-11-05 17:14:01.324 INFO  o.s.security.web.DefaultSecurityFilterChain - Creating filter chain: org.springframework.security.web.util.matcher.AnyRequestMatcher@1, [org.springframework.security.web.context.request.async.WebAsyncManagerIntegrationFilter@ca546a1, org.springframework.security.web.context.SecurityContextPersistenceFilter@64bba0eb, org.springframework.security.web.header.HeaderWriterFilter@3f357c9d, org.springframework.security.web.authentication.logout.LogoutFilter@6546371, com.esc.mall.security.JwtAuthenticationTokenFilter@2bb6a14a, org.springframework.security.web.savedrequest.RequestCacheAwareFilter@25ae1f80, org.springframework.security.web.servletapi.SecurityContextHolderAwareRequestFilter@43588265, org.springframework.security.web.authentication.AnonymousAuthenticationFilter@2c8a445b, org.springframework.security.web.session.SessionManagementFilter@57e4b86c, org.springframework.security.web.access.ExceptionTranslationFilter@3f3c8b60, org.springframework.security.web.access.intercept.FilterSecurityInterceptor@67b560fe]
2021-11-05 17:14:01.423 INFO  s.d.s.w.PropertySourcedRequestMappingHandlerMapping - Mapped URL path [/v2/api-docs] onto method [public org.springframework.http.ResponseEntity<springfox.documentation.spring.web.json.Json> springfox.documentation.swagger2.web.Swagger2Controller.getDocumentation(java.lang.String,javax.servlet.http.HttpServletRequest)]
2021-11-05 17:14:01.561 INFO  o.s.web.servlet.handler.SimpleUrlHandlerMapping - Mapped URL path [/**/favicon.ico] onto handler of type [class org.springframework.web.servlet.resource.ResourceHttpRequestHandler]
2021-11-05 17:14:01.794 INFO  o.s.w.s.m.m.a.RequestMappingHandlerAdapter - Looking for @ControllerAdvice: org.springframework.boot.web.servlet.context.AnnotationConfigServletWebServerApplicationContext@74c79fa2: startup date [Fri Nov 05 17:13:55 CST 2021]; root of context hierarchy
2021-11-05 17:14:01.865 INFO  o.s.web.servlet.handler.SimpleUrlHandlerMapping - Mapped URL path [/webjars/**] onto handler of type [class org.springframework.web.servlet.resource.ResourceHttpRequestHandler]
2021-11-05 17:14:01.865 INFO  o.s.web.servlet.handler.SimpleUrlHandlerMapping - Mapped URL path [/**] onto handler of type [class org.springframework.web.servlet.resource.ResourceHttpRequestHandler]
2021-11-05 17:14:01.887 INFO  o.s.w.s.m.m.a.ExceptionHandlerExceptionResolver - Detected @ExceptionHandler methods in globalExceptionHandler
2021-11-05 17:14:02.588 INFO  o.s.jmx.export.annotation.AnnotationMBeanExporter - Registering beans for JMX exposure on startup
2021-11-05 17:14:02.590 INFO  o.s.jmx.export.annotation.AnnotationMBeanExporter - Bean with name 'dataSource' has been autodetected for JMX exposure
2021-11-05 17:14:02.599 INFO  o.s.jmx.export.annotation.AnnotationMBeanExporter - Located MBean 'dataSource': registering with JMX server as MBean [com.zaxxer.hikari:name=dataSource,type=HikariDataSource]
2021-11-05 17:14:02.604 INFO  o.s.context.support.DefaultLifecycleProcessor - Starting beans in phase 2147483647
2021-11-05 17:14:02.605 INFO  s.d.s.web.plugins.DocumentationPluginsBootstrapper - Context refreshed
2021-11-05 17:14:02.625 INFO  s.d.s.web.plugins.DocumentationPluginsBootstrapper - Found 1 custom documentation plugin(s)
2021-11-05 17:14:02.667 INFO  s.d.spring.web.scanners.ApiListingReferenceScanner - Scanning for api listing references
2021-11-05 17:14:02.857 INFO  s.d.s.w.r.operation.CachingOperationNameGenerator - Generating unique operation named: registerUsingPOST_1
2021-11-05 17:14:02.881 INFO  org.apache.coyote.http11.Http11NioProtocol - Starting ProtocolHandler ["http-nio-9000"]
2021-11-05 17:14:02.891 INFO  org.apache.tomcat.util.net.NioSelectorPool - Using a shared selector for servlet write/read
2021-11-05 17:14:02.910 INFO  o.s.boot.web.embedded.tomcat.TomcatWebServer - Tomcat started on port(s): 9000 (http) with context path '/mall'
2021-11-05 17:14:02.914 INFO  com.esc.mall.MallWebApplication - Started MallWebApplication in 7.883 seconds (JVM running for 10.48)
2021-11-05 17:14:20.832 INFO  o.a.c.c.ContainerBase.[Tomcat].[localhost].[/mall] - Initializing Spring FrameworkServlet 'dispatcherServlet'
2021-11-05 17:14:20.832 INFO  org.springframework.web.servlet.DispatcherServlet - FrameworkServlet 'dispatcherServlet': initialization started
2021-11-05 17:14:20.856 INFO  org.springframework.web.servlet.DispatcherServlet - FrameworkServlet 'dispatcherServlet': initialization completed in 23 ms
2021-11-05 17:14:28.163 INFO  com.zaxxer.hikari.HikariDataSource - HikariPool-1 - Starting...
2021-11-05 17:14:28.555 INFO  com.zaxxer.hikari.HikariDataSource - HikariPool-1 - Start completed.
2021-11-05 17:15:53.742 INFO  o.s.b.w.s.c.AnnotationConfigServletWebServerApplicationContext - Closing org.springframework.boot.web.servlet.context.AnnotationConfigServletWebServerApplicationContext@74c79fa2: startup date [Fri Nov 05 17:13:55 CST 2021]; root of context hierarchy
2021-11-05 17:15:53.745 INFO  o.s.context.support.DefaultLifecycleProcessor - Stopping beans in phase 2147483647
2021-11-05 17:15:53.746 INFO  o.s.jmx.export.annotation.AnnotationMBeanExporter - Unregistering JMX-exposed beans on shutdown
2021-11-05 17:15:53.746 INFO  o.s.jmx.export.annotation.AnnotationMBeanExporter - Unregistering JMX-exposed beans
2021-11-05 17:15:53.763 INFO  com.zaxxer.hikari.HikariDataSource - HikariPool-1 - Shutdown initiated...
2021-11-05 17:15:53.771 INFO  com.zaxxer.hikari.HikariDataSource - HikariPool-1 - Shutdown completed.
