2021-11-09 15:39:32.941 INFO  com.esc.mall.MallWebApplication - Starting MallWebApplication on DESKTOP-D3C1OON with PID 16348 (E:\jr_workspace\esc_mall\mall_esc_api\target\classes started by ThinkPad in E:\jr_workspace\esc_mall)
2021-11-09 15:39:33.053 INFO  com.esc.mall.MallWebApplication - The following profiles are active: dev
2021-11-09 15:39:33.342 INFO  o.s.b.w.s.c.AnnotationConfigServletWebServerApplicationContext - Refreshing org.springframework.boot.web.servlet.context.AnnotationConfigServletWebServerApplicationContext@6e950bcf: startup date [Tue Nov 09 15:39:33 CST 2021]; root of context hierarchy
2021-11-09 15:39:36.063 INFO  o.s.b.factory.support.DefaultListableBeanFactory - Overriding bean definition for bean 'myPasswordEncode' with a different definition: replacing [Generic bean: class [com.esc.mall.security.MyPasswordEncode]; scope=singleton; abstract=false; lazyInit=false; autowireMode=0; dependencyCheck=0; autowireCandidate=true; primary=false; factoryBeanName=null; factoryMethodName=null; initMethodName=null; destroyMethodName=null; defined in file [E:\jr_workspace\esc_mall\mall_esc_common\target\classes\com\esc\mall\security\MyPasswordEncode.class]] with [Root bean: class [null]; scope=; abstract=false; lazyInit=false; autowireMode=3; dependencyCheck=0; autowireCandidate=true; primary=false; factoryBeanName=securityConfig; factoryMethodName=myPasswordEncode; initMethodName=null; destroyMethodName=(inferred); defined in class path resource [com/esc/mall/security/SecurityConfig.class]]
2021-11-09 15:39:36.064 INFO  o.s.b.factory.support.DefaultListableBeanFactory - Overriding bean definition for bean 'jwtAuthenticationTokenFilter' with a different definition: replacing [Generic bean: class [com.esc.mall.security.JwtAuthenticationTokenFilter]; scope=singleton; abstract=false; lazyInit=false; autowireMode=0; dependencyCheck=0; autowireCandidate=true; primary=false; factoryBeanName=null; factoryMethodName=null; initMethodName=null; destroyMethodName=null; defined in file [E:\jr_workspace\esc_mall\mall_esc_common\target\classes\com\esc\mall\security\JwtAuthenticationTokenFilter.class]] with [Root bean: class [null]; scope=; abstract=false; lazyInit=false; autowireMode=3; dependencyCheck=0; autowireCandidate=true; primary=false; factoryBeanName=securityConfig; factoryMethodName=jwtAuthenticationTokenFilter; initMethodName=null; destroyMethodName=(inferred); defined in class path resource [com/esc/mall/security/SecurityConfig.class]]
2021-11-09 15:39:36.652 INFO  o.s.d.r.config.RepositoryConfigurationDelegate - Multiple Spring Data modules found, entering strict repository configuration mode!
2021-11-09 15:39:36.782 INFO  o.s.d.r.config.RepositoryConfigurationDelegate - Multiple Spring Data modules found, entering strict repository configuration mode!
2021-11-09 15:39:36.814 INFO  o.s.d.r.c.RepositoryConfigurationExtensionSupport - Spring Data Redis - Could not safely identify store assignment for repository candidate interface com.esc.mall.product.repository.EsProductRepository.
2021-11-09 15:39:38.885 INFO  o.s.c.s.PostProcessorRegistrationDelegate$BeanPostProcessorChecker - Bean 'org.springframework.transaction.annotation.ProxyTransactionManagementConfiguration' of type [org.springframework.transaction.annotation.ProxyTransactionManagementConfiguration$$EnhancerBySpringCGLIB$$8f137a17] is not eligible for getting processed by all BeanPostProcessors (for example: not eligible for auto-proxying)
2021-11-09 15:39:39.023 INFO  o.s.c.s.PostProcessorRegistrationDelegate$BeanPostProcessorChecker - Bean 'org.springframework.security.config.annotation.configuration.ObjectPostProcessorConfiguration' of type [org.springframework.security.config.annotation.configuration.ObjectPostProcessorConfiguration$$EnhancerBySpringCGLIB$$27c14251] is not eligible for getting processed by all BeanPostProcessors (for example: not eligible for auto-proxying)
2021-11-09 15:39:39.049 INFO  o.s.c.s.PostProcessorRegistrationDelegate$BeanPostProcessorChecker - Bean 'objectPostProcessor' of type [org.springframework.security.config.annotation.configuration.AutowireBeanFactoryObjectPostProcessor] is not eligible for getting processed by all BeanPostProcessors (for example: not eligible for auto-proxying)
2021-11-09 15:39:39.057 INFO  o.s.c.s.PostProcessorRegistrationDelegate$BeanPostProcessorChecker - Bean 'org.springframework.security.access.expression.method.DefaultMethodSecurityExpressionHandler@11d4d979' of type [org.springframework.security.access.expression.method.DefaultMethodSecurityExpressionHandler] is not eligible for getting processed by all BeanPostProcessors (for example: not eligible for auto-proxying)
2021-11-09 15:39:39.076 INFO  o.s.c.s.PostProcessorRegistrationDelegate$BeanPostProcessorChecker - Bean 'org.springframework.security.config.annotation.method.configuration.GlobalMethodSecurityConfiguration' of type [org.springframework.security.config.annotation.method.configuration.GlobalMethodSecurityConfiguration$$EnhancerBySpringCGLIB$$4c95e503] is not eligible for getting processed by all BeanPostProcessors (for example: not eligible for auto-proxying)
2021-11-09 15:39:39.094 INFO  o.s.c.s.PostProcessorRegistrationDelegate$BeanPostProcessorChecker - Bean 'methodSecurityMetadataSource' of type [org.springframework.security.access.method.DelegatingMethodSecurityMetadataSource] is not eligible for getting processed by all BeanPostProcessors (for example: not eligible for auto-proxying)
2021-11-09 15:39:41.309 INFO  o.s.boot.web.embedded.tomcat.TomcatWebServer - Tomcat initialized with port(s): 9000 (http)
2021-11-09 15:39:41.430 INFO  org.apache.coyote.http11.Http11NioProtocol - Initializing ProtocolHandler ["http-nio-9000"]
2021-11-09 15:39:41.770 INFO  org.apache.catalina.core.StandardService - Starting service [Tomcat]
2021-11-09 15:39:41.771 INFO  org.apache.catalina.core.StandardEngine - Starting Servlet Engine: Apache Tomcat/8.5.37
2021-11-09 15:39:41.787 INFO  org.apache.catalina.core.AprLifecycleListener - The APR based Apache Tomcat Native library which allows optimal performance in production environments was not found on the java.library.path: [C:\Program Files\Java\jdk1.8.0_241\bin;C:\Windows\Sun\Java\bin;C:\Windows\system32;C:\Windows;C:\Program Files (x86)\Common Files\Oracle\Java\javapath;C:\Windows\system32;C:\Windows;C:\Windows\System32\Wbem;C:\Windows\System32\WindowsPowerShell\v1.0\;C:\Windows\System32\OpenSSH\;"C:\Program Files\Java\jdk1.8.0_241\bin;C:\Program Files\Java\jdk1.8.0_241\jre\bin";D:\Tools\maven3.8.3\apache-maven-3.8.3\bin;D:\Tools\TortoiseSVN\bin;D:\Tools\XShell7\;D:\Tools\XFtp7\;D:\Tools\Git\Git\cmd;D:\Tools\Redis5.0.14\;C:\Program Files\MySQL\MySQL Shell 8.0\bin\;C:\Users\ThinkPad\AppData\Local\Microsoft\WindowsApps;;.]
2021-11-09 15:39:42.467 INFO  o.a.c.c.ContainerBase.[Tomcat].[localhost].[/mall] - Initializing Spring embedded WebApplicationContext
2021-11-09 15:39:42.468 INFO  org.springframework.web.context.ContextLoader - Root WebApplicationContext: initialization completed in 9127 ms
2021-11-09 15:39:45.156 INFO  org.elasticsearch.plugins.PluginsService - no modules loaded
2021-11-09 15:39:45.157 INFO  org.elasticsearch.plugins.PluginsService - loaded plugin [org.elasticsearch.index.reindex.ReindexPlugin]
2021-11-09 15:39:45.157 INFO  org.elasticsearch.plugins.PluginsService - loaded plugin [org.elasticsearch.join.ParentJoinPlugin]
2021-11-09 15:39:45.157 INFO  org.elasticsearch.plugins.PluginsService - loaded plugin [org.elasticsearch.percolator.PercolatorPlugin]
2021-11-09 15:39:45.158 INFO  org.elasticsearch.plugins.PluginsService - loaded plugin [org.elasticsearch.script.mustache.MustachePlugin]
2021-11-09 15:39:45.158 INFO  org.elasticsearch.plugins.PluginsService - loaded plugin [org.elasticsearch.transport.Netty4Plugin]
2021-11-09 15:39:46.421 INFO  o.s.d.e.client.TransportClientFactoryBean - Adding transport node : 127.0.0.1:9300
2021-11-09 15:39:50.044 INFO  o.s.boot.web.servlet.FilterRegistrationBean - Mapping filter: 'characterEncodingFilter' to: [/*]
2021-11-09 15:39:50.045 INFO  o.s.boot.web.servlet.FilterRegistrationBean - Mapping filter: 'webMvcMetricsFilter' to: [/*]
2021-11-09 15:39:50.045 INFO  o.s.boot.web.servlet.FilterRegistrationBean - Mapping filter: 'hiddenHttpMethodFilter' to: [/*]
2021-11-09 15:39:50.045 INFO  o.s.boot.web.servlet.FilterRegistrationBean - Mapping filter: 'httpPutFormContentFilter' to: [/*]
2021-11-09 15:39:50.045 INFO  o.s.boot.web.servlet.FilterRegistrationBean - Mapping filter: 'requestContextFilter' to: [/*]
2021-11-09 15:39:50.046 INFO  o.s.b.w.s.DelegatingFilterProxyRegistrationBean - Mapping filter: 'springSecurityFilterChain' to: [/*]
2021-11-09 15:39:50.046 INFO  o.s.boot.web.servlet.FilterRegistrationBean - Mapping filter: 'httpTraceFilter' to: [/*]
2021-11-09 15:39:50.046 INFO  o.s.boot.web.servlet.FilterRegistrationBean - Mapping filter: 'jwtAuthenticationTokenFilter' to: [/*]
2021-11-09 15:39:50.046 INFO  o.s.boot.web.servlet.ServletRegistrationBean - Servlet dispatcherServlet mapped to [/]
2021-11-09 15:39:51.677 INFO  org.apache.catalina.core.StandardService - Stopping service [Tomcat]
2021-11-09 15:39:51.693 INFO  o.s.b.a.l.ConditionEvaluationReportLoggingListener - 

Error starting ApplicationContext. To display the conditions report re-run your application with 'debug' enabled.
2021-11-09 15:41:32.226 INFO  com.esc.mall.MallWebApplication - Starting MallWebApplication on DESKTOP-D3C1OON with PID 7516 (E:\jr_workspace\esc_mall\mall_esc_api\target\classes started by ThinkPad in E:\jr_workspace\esc_mall)
2021-11-09 15:41:32.234 INFO  com.esc.mall.MallWebApplication - The following profiles are active: dev
2021-11-09 15:41:32.342 INFO  o.s.b.w.s.c.AnnotationConfigServletWebServerApplicationContext - Refreshing org.springframework.boot.web.servlet.context.AnnotationConfigServletWebServerApplicationContext@3e821657: startup date [Tue Nov 09 15:41:32 CST 2021]; root of context hierarchy
2021-11-09 15:41:33.499 INFO  o.s.b.factory.support.DefaultListableBeanFactory - Overriding bean definition for bean 'myPasswordEncode' with a different definition: replacing [Generic bean: class [com.esc.mall.security.MyPasswordEncode]; scope=singleton; abstract=false; lazyInit=false; autowireMode=0; dependencyCheck=0; autowireCandidate=true; primary=false; factoryBeanName=null; factoryMethodName=null; initMethodName=null; destroyMethodName=null; defined in file [E:\jr_workspace\esc_mall\mall_esc_common\target\classes\com\esc\mall\security\MyPasswordEncode.class]] with [Root bean: class [null]; scope=; abstract=false; lazyInit=false; autowireMode=3; dependencyCheck=0; autowireCandidate=true; primary=false; factoryBeanName=securityConfig; factoryMethodName=myPasswordEncode; initMethodName=null; destroyMethodName=(inferred); defined in class path resource [com/esc/mall/security/SecurityConfig.class]]
2021-11-09 15:41:33.500 INFO  o.s.b.factory.support.DefaultListableBeanFactory - Overriding bean definition for bean 'jwtAuthenticationTokenFilter' with a different definition: replacing [Generic bean: class [com.esc.mall.security.JwtAuthenticationTokenFilter]; scope=singleton; abstract=false; lazyInit=false; autowireMode=0; dependencyCheck=0; autowireCandidate=true; primary=false; factoryBeanName=null; factoryMethodName=null; initMethodName=null; destroyMethodName=null; defined in file [E:\jr_workspace\esc_mall\mall_esc_common\target\classes\com\esc\mall\security\JwtAuthenticationTokenFilter.class]] with [Root bean: class [null]; scope=; abstract=false; lazyInit=false; autowireMode=3; dependencyCheck=0; autowireCandidate=true; primary=false; factoryBeanName=securityConfig; factoryMethodName=jwtAuthenticationTokenFilter; initMethodName=null; destroyMethodName=(inferred); defined in class path resource [com/esc/mall/security/SecurityConfig.class]]
2021-11-09 15:41:33.932 INFO  o.s.d.r.config.RepositoryConfigurationDelegate - Multiple Spring Data modules found, entering strict repository configuration mode!
2021-11-09 15:41:34.039 INFO  o.s.d.r.config.RepositoryConfigurationDelegate - Multiple Spring Data modules found, entering strict repository configuration mode!
2021-11-09 15:41:34.062 INFO  o.s.d.r.c.RepositoryConfigurationExtensionSupport - Spring Data Redis - Could not safely identify store assignment for repository candidate interface com.esc.mall.product.repository.EsProductRepository.
2021-11-09 15:41:34.690 INFO  o.s.c.s.PostProcessorRegistrationDelegate$BeanPostProcessorChecker - Bean 'org.springframework.transaction.annotation.ProxyTransactionManagementConfiguration' of type [org.springframework.transaction.annotation.ProxyTransactionManagementConfiguration$$EnhancerBySpringCGLIB$$51af6564] is not eligible for getting processed by all BeanPostProcessors (for example: not eligible for auto-proxying)
2021-11-09 15:41:34.757 INFO  o.s.c.s.PostProcessorRegistrationDelegate$BeanPostProcessorChecker - Bean 'org.springframework.security.config.annotation.configuration.ObjectPostProcessorConfiguration' of type [org.springframework.security.config.annotation.configuration.ObjectPostProcessorConfiguration$$EnhancerBySpringCGLIB$$ea5d2d9e] is not eligible for getting processed by all BeanPostProcessors (for example: not eligible for auto-proxying)
2021-11-09 15:41:34.770 INFO  o.s.c.s.PostProcessorRegistrationDelegate$BeanPostProcessorChecker - Bean 'objectPostProcessor' of type [org.springframework.security.config.annotation.configuration.AutowireBeanFactoryObjectPostProcessor] is not eligible for getting processed by all BeanPostProcessors (for example: not eligible for auto-proxying)
2021-11-09 15:41:34.773 INFO  o.s.c.s.PostProcessorRegistrationDelegate$BeanPostProcessorChecker - Bean 'org.springframework.security.access.expression.method.DefaultMethodSecurityExpressionHandler@5f8a02cf' of type [org.springframework.security.access.expression.method.DefaultMethodSecurityExpressionHandler] is not eligible for getting processed by all BeanPostProcessors (for example: not eligible for auto-proxying)
2021-11-09 15:41:34.784 INFO  o.s.c.s.PostProcessorRegistrationDelegate$BeanPostProcessorChecker - Bean 'org.springframework.security.config.annotation.method.configuration.GlobalMethodSecurityConfiguration' of type [org.springframework.security.config.annotation.method.configuration.GlobalMethodSecurityConfiguration$$EnhancerBySpringCGLIB$$f31d050] is not eligible for getting processed by all BeanPostProcessors (for example: not eligible for auto-proxying)
2021-11-09 15:41:34.795 INFO  o.s.c.s.PostProcessorRegistrationDelegate$BeanPostProcessorChecker - Bean 'methodSecurityMetadataSource' of type [org.springframework.security.access.method.DelegatingMethodSecurityMetadataSource] is not eligible for getting processed by all BeanPostProcessors (for example: not eligible for auto-proxying)
2021-11-09 15:41:35.349 INFO  o.s.boot.web.embedded.tomcat.TomcatWebServer - Tomcat initialized with port(s): 9000 (http)
2021-11-09 15:41:35.435 INFO  org.apache.coyote.http11.Http11NioProtocol - Initializing ProtocolHandler ["http-nio-9000"]
2021-11-09 15:41:35.453 INFO  org.apache.catalina.core.StandardService - Starting service [Tomcat]
2021-11-09 15:41:35.453 INFO  org.apache.catalina.core.StandardEngine - Starting Servlet Engine: Apache Tomcat/8.5.37
2021-11-09 15:41:35.459 INFO  org.apache.catalina.core.AprLifecycleListener - The APR based Apache Tomcat Native library which allows optimal performance in production environments was not found on the java.library.path: [C:\Program Files\Java\jdk1.8.0_241\bin;C:\Windows\Sun\Java\bin;C:\Windows\system32;C:\Windows;C:\Program Files (x86)\Common Files\Oracle\Java\javapath;C:\Windows\system32;C:\Windows;C:\Windows\System32\Wbem;C:\Windows\System32\WindowsPowerShell\v1.0\;C:\Windows\System32\OpenSSH\;"C:\Program Files\Java\jdk1.8.0_241\bin;C:\Program Files\Java\jdk1.8.0_241\jre\bin";D:\Tools\maven3.8.3\apache-maven-3.8.3\bin;D:\Tools\TortoiseSVN\bin;D:\Tools\XShell7\;D:\Tools\XFtp7\;D:\Tools\Git\Git\cmd;D:\Tools\Redis5.0.14\;C:\Program Files\MySQL\MySQL Shell 8.0\bin\;C:\Users\ThinkPad\AppData\Local\Microsoft\WindowsApps;;.]
2021-11-09 15:41:35.615 INFO  o.a.c.c.ContainerBase.[Tomcat].[localhost].[/mall] - Initializing Spring embedded WebApplicationContext
2021-11-09 15:41:35.615 INFO  org.springframework.web.context.ContextLoader - Root WebApplicationContext: initialization completed in 3274 ms
2021-11-09 15:41:36.502 INFO  org.elasticsearch.plugins.PluginsService - no modules loaded
2021-11-09 15:41:36.503 INFO  org.elasticsearch.plugins.PluginsService - loaded plugin [org.elasticsearch.index.reindex.ReindexPlugin]
2021-11-09 15:41:36.503 INFO  org.elasticsearch.plugins.PluginsService - loaded plugin [org.elasticsearch.join.ParentJoinPlugin]
2021-11-09 15:41:36.504 INFO  org.elasticsearch.plugins.PluginsService - loaded plugin [org.elasticsearch.percolator.PercolatorPlugin]
2021-11-09 15:41:36.504 INFO  org.elasticsearch.plugins.PluginsService - loaded plugin [org.elasticsearch.script.mustache.MustachePlugin]
2021-11-09 15:41:36.504 INFO  org.elasticsearch.plugins.PluginsService - loaded plugin [org.elasticsearch.transport.Netty4Plugin]
2021-11-09 15:41:37.684 INFO  o.s.d.e.client.TransportClientFactoryBean - Adding transport node : 127.0.0.1:9300
2021-11-09 15:41:41.277 INFO  o.s.boot.web.servlet.FilterRegistrationBean - Mapping filter: 'characterEncodingFilter' to: [/*]
2021-11-09 15:41:41.277 INFO  o.s.boot.web.servlet.FilterRegistrationBean - Mapping filter: 'webMvcMetricsFilter' to: [/*]
2021-11-09 15:41:41.277 INFO  o.s.boot.web.servlet.FilterRegistrationBean - Mapping filter: 'hiddenHttpMethodFilter' to: [/*]
2021-11-09 15:41:41.278 INFO  o.s.boot.web.servlet.FilterRegistrationBean - Mapping filter: 'httpPutFormContentFilter' to: [/*]
2021-11-09 15:41:41.278 INFO  o.s.boot.web.servlet.FilterRegistrationBean - Mapping filter: 'requestContextFilter' to: [/*]
2021-11-09 15:41:41.278 INFO  o.s.b.w.s.DelegatingFilterProxyRegistrationBean - Mapping filter: 'springSecurityFilterChain' to: [/*]
2021-11-09 15:41:41.278 INFO  o.s.boot.web.servlet.FilterRegistrationBean - Mapping filter: 'httpTraceFilter' to: [/*]
2021-11-09 15:41:41.278 INFO  o.s.boot.web.servlet.FilterRegistrationBean - Mapping filter: 'jwtAuthenticationTokenFilter' to: [/*]
2021-11-09 15:41:41.279 INFO  o.s.boot.web.servlet.ServletRegistrationBean - Servlet dispatcherServlet mapped to [/]
2021-11-09 15:41:42.901 INFO  org.apache.catalina.core.StandardService - Stopping service [Tomcat]
2021-11-09 15:41:42.914 INFO  o.s.b.a.l.ConditionEvaluationReportLoggingListener - 

Error starting ApplicationContext. To display the conditions report re-run your application with 'debug' enabled.
2021-11-09 15:43:16.620 INFO  com.esc.mall.MallWebApplication - Starting MallWebApplication on DESKTOP-D3C1OON with PID 11516 (E:\jr_workspace\esc_mall\mall_esc_api\target\classes started by ThinkPad in E:\jr_workspace\esc_mall)
2021-11-09 15:43:16.625 INFO  com.esc.mall.MallWebApplication - The following profiles are active: dev
2021-11-09 15:43:16.705 INFO  o.s.b.w.s.c.AnnotationConfigServletWebServerApplicationContext - Refreshing org.springframework.boot.web.servlet.context.AnnotationConfigServletWebServerApplicationContext@1d131e1b: startup date [Tue Nov 09 15:43:16 CST 2021]; root of context hierarchy
2021-11-09 15:43:17.863 INFO  o.s.b.factory.support.DefaultListableBeanFactory - Overriding bean definition for bean 'myPasswordEncode' with a different definition: replacing [Generic bean: class [com.esc.mall.security.MyPasswordEncode]; scope=singleton; abstract=false; lazyInit=false; autowireMode=0; dependencyCheck=0; autowireCandidate=true; primary=false; factoryBeanName=null; factoryMethodName=null; initMethodName=null; destroyMethodName=null; defined in file [E:\jr_workspace\esc_mall\mall_esc_common\target\classes\com\esc\mall\security\MyPasswordEncode.class]] with [Root bean: class [null]; scope=; abstract=false; lazyInit=false; autowireMode=3; dependencyCheck=0; autowireCandidate=true; primary=false; factoryBeanName=securityConfig; factoryMethodName=myPasswordEncode; initMethodName=null; destroyMethodName=(inferred); defined in class path resource [com/esc/mall/security/SecurityConfig.class]]
2021-11-09 15:43:17.864 INFO  o.s.b.factory.support.DefaultListableBeanFactory - Overriding bean definition for bean 'jwtAuthenticationTokenFilter' with a different definition: replacing [Generic bean: class [com.esc.mall.security.JwtAuthenticationTokenFilter]; scope=singleton; abstract=false; lazyInit=false; autowireMode=0; dependencyCheck=0; autowireCandidate=true; primary=false; factoryBeanName=null; factoryMethodName=null; initMethodName=null; destroyMethodName=null; defined in file [E:\jr_workspace\esc_mall\mall_esc_common\target\classes\com\esc\mall\security\JwtAuthenticationTokenFilter.class]] with [Root bean: class [null]; scope=; abstract=false; lazyInit=false; autowireMode=3; dependencyCheck=0; autowireCandidate=true; primary=false; factoryBeanName=securityConfig; factoryMethodName=jwtAuthenticationTokenFilter; initMethodName=null; destroyMethodName=(inferred); defined in class path resource [com/esc/mall/security/SecurityConfig.class]]
2021-11-09 15:43:18.273 INFO  o.s.d.r.config.RepositoryConfigurationDelegate - Multiple Spring Data modules found, entering strict repository configuration mode!
2021-11-09 15:43:18.374 INFO  o.s.d.r.config.RepositoryConfigurationDelegate - Multiple Spring Data modules found, entering strict repository configuration mode!
2021-11-09 15:43:18.396 INFO  o.s.d.r.c.RepositoryConfigurationExtensionSupport - Spring Data Redis - Could not safely identify store assignment for repository candidate interface com.esc.mall.product.repository.EsProductRepository.
2021-11-09 15:43:18.997 INFO  o.s.c.s.PostProcessorRegistrationDelegate$BeanPostProcessorChecker - Bean 'org.springframework.transaction.annotation.ProxyTransactionManagementConfiguration' of type [org.springframework.transaction.annotation.ProxyTransactionManagementConfiguration$$EnhancerBySpringCGLIB$$2ad7275e] is not eligible for getting processed by all BeanPostProcessors (for example: not eligible for auto-proxying)
2021-11-09 15:43:19.064 INFO  o.s.c.s.PostProcessorRegistrationDelegate$BeanPostProcessorChecker - Bean 'org.springframework.security.config.annotation.configuration.ObjectPostProcessorConfiguration' of type [org.springframework.security.config.annotation.configuration.ObjectPostProcessorConfiguration$$EnhancerBySpringCGLIB$$c384ef98] is not eligible for getting processed by all BeanPostProcessors (for example: not eligible for auto-proxying)
2021-11-09 15:43:19.076 INFO  o.s.c.s.PostProcessorRegistrationDelegate$BeanPostProcessorChecker - Bean 'objectPostProcessor' of type [org.springframework.security.config.annotation.configuration.AutowireBeanFactoryObjectPostProcessor] is not eligible for getting processed by all BeanPostProcessors (for example: not eligible for auto-proxying)
2021-11-09 15:43:19.079 INFO  o.s.c.s.PostProcessorRegistrationDelegate$BeanPostProcessorChecker - Bean 'org.springframework.security.access.expression.method.DefaultMethodSecurityExpressionHandler@790d8fdd' of type [org.springframework.security.access.expression.method.DefaultMethodSecurityExpressionHandler] is not eligible for getting processed by all BeanPostProcessors (for example: not eligible for auto-proxying)
2021-11-09 15:43:19.087 INFO  o.s.c.s.PostProcessorRegistrationDelegate$BeanPostProcessorChecker - Bean 'org.springframework.security.config.annotation.method.configuration.GlobalMethodSecurityConfiguration' of type [org.springframework.security.config.annotation.method.configuration.GlobalMethodSecurityConfiguration$$EnhancerBySpringCGLIB$$e859924a] is not eligible for getting processed by all BeanPostProcessors (for example: not eligible for auto-proxying)
2021-11-09 15:43:19.097 INFO  o.s.c.s.PostProcessorRegistrationDelegate$BeanPostProcessorChecker - Bean 'methodSecurityMetadataSource' of type [org.springframework.security.access.method.DelegatingMethodSecurityMetadataSource] is not eligible for getting processed by all BeanPostProcessors (for example: not eligible for auto-proxying)
2021-11-09 15:43:19.654 INFO  o.s.boot.web.embedded.tomcat.TomcatWebServer - Tomcat initialized with port(s): 9000 (http)
2021-11-09 15:43:19.743 INFO  org.apache.coyote.http11.Http11NioProtocol - Initializing ProtocolHandler ["http-nio-9000"]
2021-11-09 15:43:19.762 INFO  org.apache.catalina.core.StandardService - Starting service [Tomcat]
2021-11-09 15:43:19.763 INFO  org.apache.catalina.core.StandardEngine - Starting Servlet Engine: Apache Tomcat/8.5.37
2021-11-09 15:43:19.769 INFO  org.apache.catalina.core.AprLifecycleListener - The APR based Apache Tomcat Native library which allows optimal performance in production environments was not found on the java.library.path: [C:\Program Files\Java\jdk1.8.0_241\bin;C:\Windows\Sun\Java\bin;C:\Windows\system32;C:\Windows;C:\Program Files (x86)\Common Files\Oracle\Java\javapath;C:\Windows\system32;C:\Windows;C:\Windows\System32\Wbem;C:\Windows\System32\WindowsPowerShell\v1.0\;C:\Windows\System32\OpenSSH\;"C:\Program Files\Java\jdk1.8.0_241\bin;C:\Program Files\Java\jdk1.8.0_241\jre\bin";D:\Tools\maven3.8.3\apache-maven-3.8.3\bin;D:\Tools\TortoiseSVN\bin;D:\Tools\XShell7\;D:\Tools\XFtp7\;D:\Tools\Git\Git\cmd;D:\Tools\Redis5.0.14\;C:\Program Files\MySQL\MySQL Shell 8.0\bin\;C:\Users\ThinkPad\AppData\Local\Microsoft\WindowsApps;;.]
2021-11-09 15:43:19.927 INFO  o.a.c.c.ContainerBase.[Tomcat].[localhost].[/mall] - Initializing Spring embedded WebApplicationContext
2021-11-09 15:43:19.927 INFO  org.springframework.web.context.ContextLoader - Root WebApplicationContext: initialization completed in 3222 ms
2021-11-09 15:43:20.793 INFO  org.elasticsearch.plugins.PluginsService - no modules loaded
2021-11-09 15:43:20.793 INFO  org.elasticsearch.plugins.PluginsService - loaded plugin [org.elasticsearch.index.reindex.ReindexPlugin]
2021-11-09 15:43:20.794 INFO  org.elasticsearch.plugins.PluginsService - loaded plugin [org.elasticsearch.join.ParentJoinPlugin]
2021-11-09 15:43:20.794 INFO  org.elasticsearch.plugins.PluginsService - loaded plugin [org.elasticsearch.percolator.PercolatorPlugin]
2021-11-09 15:43:20.794 INFO  org.elasticsearch.plugins.PluginsService - loaded plugin [org.elasticsearch.script.mustache.MustachePlugin]
2021-11-09 15:43:20.794 INFO  org.elasticsearch.plugins.PluginsService - loaded plugin [org.elasticsearch.transport.Netty4Plugin]
2021-11-09 15:43:21.943 INFO  o.s.d.e.client.TransportClientFactoryBean - Adding transport node : 127.0.0.1:9300
2021-11-09 15:43:25.485 INFO  o.s.boot.web.servlet.FilterRegistrationBean - Mapping filter: 'characterEncodingFilter' to: [/*]
2021-11-09 15:43:25.485 INFO  o.s.boot.web.servlet.FilterRegistrationBean - Mapping filter: 'webMvcMetricsFilter' to: [/*]
2021-11-09 15:43:25.485 INFO  o.s.boot.web.servlet.FilterRegistrationBean - Mapping filter: 'hiddenHttpMethodFilter' to: [/*]
2021-11-09 15:43:25.485 INFO  o.s.boot.web.servlet.FilterRegistrationBean - Mapping filter: 'httpPutFormContentFilter' to: [/*]
2021-11-09 15:43:25.485 INFO  o.s.boot.web.servlet.FilterRegistrationBean - Mapping filter: 'requestContextFilter' to: [/*]
2021-11-09 15:43:25.486 INFO  o.s.b.w.s.DelegatingFilterProxyRegistrationBean - Mapping filter: 'springSecurityFilterChain' to: [/*]
2021-11-09 15:43:25.486 INFO  o.s.boot.web.servlet.FilterRegistrationBean - Mapping filter: 'httpTraceFilter' to: [/*]
2021-11-09 15:43:25.486 INFO  o.s.boot.web.servlet.FilterRegistrationBean - Mapping filter: 'jwtAuthenticationTokenFilter' to: [/*]
2021-11-09 15:43:25.486 INFO  o.s.boot.web.servlet.ServletRegistrationBean - Servlet dispatcherServlet mapped to [/]
2021-11-09 15:43:26.519 INFO  o.s.w.s.m.m.a.RequestMappingHandlerMapping - Mapped "{[/v1/es/products/importAll],methods=[POST]}" onto public com.esc.mall.api.result.MallResult<java.lang.Integer> com.esc.mall.controller.elasticsearch.EsPmsProductController.importAllProduct()
2021-11-09 15:43:26.524 INFO  o.s.w.s.m.m.a.RequestMappingHandlerMapping - Mapped "{[/v1/products/list],methods=[GET]}" onto public com.esc.mall.api.result.MallResult<com.esc.mall.model.PmsProduct> com.esc.mall.controller.PmsProductController.list(com.esc.mall.dto.pms.product.PmsProductQueryDTO)
2021-11-09 15:43:26.526 INFO  o.s.w.s.m.m.a.RequestMappingHandlerMapping - Mapped "{[/v1/admin/register],methods=[POST]}" onto public com.esc.mall.api.result.MallResult com.esc.mall.controller.UmsAdminController.register(com.esc.mall.dto.ums.admin.UmsAdminRegisterDTO)
2021-11-09 15:43:26.526 INFO  o.s.w.s.m.m.a.RequestMappingHandlerMapping - Mapped "{[/v1/admin/login],methods=[POST]}" onto public com.esc.mall.api.result.MallResult com.esc.mall.controller.UmsAdminController.login(com.esc.mall.dto.ums.admin.UmsAdminLoginDTO)
2021-11-09 15:43:26.528 INFO  o.s.w.s.m.m.a.RequestMappingHandlerMapping - Mapped "{[/v1/member/register],methods=[POST]}" onto public com.esc.mall.api.result.MallResult com.esc.mall.controller.UmsMemberController.register(com.esc.mall.dto.ums.member.UmsMemberRegisterDTO)
2021-11-09 15:43:26.528 INFO  o.s.w.s.m.m.a.RequestMappingHandlerMapping - Mapped "{[/v1/member/getAuthCode],methods=[GET]}" onto public com.esc.mall.api.result.MallResult com.esc.mall.controller.UmsMemberController.getAuthCode(java.lang.String)
2021-11-09 15:43:26.533 INFO  o.s.w.s.m.m.a.RequestMappingHandlerMapping - Mapped "{[/swagger-resources/configuration/ui]}" onto public org.springframework.http.ResponseEntity<springfox.documentation.swagger.web.UiConfiguration> springfox.documentation.swagger.web.ApiResourceController.uiConfiguration()
2021-11-09 15:43:26.534 INFO  o.s.w.s.m.m.a.RequestMappingHandlerMapping - Mapped "{[/swagger-resources]}" onto public org.springframework.http.ResponseEntity<java.util.List<springfox.documentation.swagger.web.SwaggerResource>> springfox.documentation.swagger.web.ApiResourceController.swaggerResources()
2021-11-09 15:43:26.534 INFO  o.s.w.s.m.m.a.RequestMappingHandlerMapping - Mapped "{[/swagger-resources/configuration/security]}" onto public org.springframework.http.ResponseEntity<springfox.documentation.swagger.web.SecurityConfiguration> springfox.documentation.swagger.web.ApiResourceController.securityConfiguration()
2021-11-09 15:43:26.539 INFO  o.s.w.s.m.m.a.RequestMappingHandlerMapping - Mapped "{[/error]}" onto public org.springframework.http.ResponseEntity<java.util.Map<java.lang.String, java.lang.Object>> org.springframework.boot.autoconfigure.web.servlet.error.BasicErrorController.error(javax.servlet.http.HttpServletRequest)
2021-11-09 15:43:26.540 INFO  o.s.w.s.m.m.a.RequestMappingHandlerMapping - Mapped "{[/error],produces=[text/html]}" onto public org.springframework.web.servlet.ModelAndView org.springframework.boot.autoconfigure.web.servlet.error.BasicErrorController.errorHtml(javax.servlet.http.HttpServletRequest,javax.servlet.http.HttpServletResponse)
2021-11-09 15:43:26.674 INFO  o.s.b.actuate.endpoint.web.EndpointLinksResolver - Exposing 2 endpoint(s) beneath base path '/actuator'
2021-11-09 15:43:26.693 INFO  o.s.b.a.e.web.servlet.WebMvcEndpointHandlerMapping - Mapped "{[/actuator/health],methods=[GET],produces=[application/vnd.spring-boot.actuator.v2+json || application/json]}" onto public java.lang.Object org.springframework.boot.actuate.endpoint.web.servlet.AbstractWebMvcEndpointHandlerMapping$OperationHandler.handle(javax.servlet.http.HttpServletRequest,java.util.Map<java.lang.String, java.lang.String>)
2021-11-09 15:43:26.695 INFO  o.s.b.a.e.web.servlet.WebMvcEndpointHandlerMapping - Mapped "{[/actuator/info],methods=[GET],produces=[application/vnd.spring-boot.actuator.v2+json || application/json]}" onto public java.lang.Object org.springframework.boot.actuate.endpoint.web.servlet.AbstractWebMvcEndpointHandlerMapping$OperationHandler.handle(javax.servlet.http.HttpServletRequest,java.util.Map<java.lang.String, java.lang.String>)
2021-11-09 15:43:26.695 INFO  o.s.b.a.e.web.servlet.WebMvcEndpointHandlerMapping - Mapped "{[/actuator],methods=[GET],produces=[application/vnd.spring-boot.actuator.v2+json || application/json]}" onto protected java.util.Map<java.lang.String, java.util.Map<java.lang.String, org.springframework.boot.actuate.endpoint.web.Link>> org.springframework.boot.actuate.endpoint.web.servlet.WebMvcEndpointHandlerMapping.links(javax.servlet.http.HttpServletRequest,javax.servlet.http.HttpServletResponse)
2021-11-09 15:43:27.195 INFO  o.s.security.web.DefaultSecurityFilterChain - Creating filter chain: org.springframework.security.web.util.matcher.AnyRequestMatcher@1, [org.springframework.security.web.context.request.async.WebAsyncManagerIntegrationFilter@3e4afd10, org.springframework.security.web.context.SecurityContextPersistenceFilter@4aab7195, org.springframework.security.web.header.HeaderWriterFilter@536da29c, org.springframework.security.web.authentication.logout.LogoutFilter@38054d01, com.esc.mall.security.JwtAuthenticationTokenFilter@6d4f089f, org.springframework.security.web.savedrequest.RequestCacheAwareFilter@1dca62c2, org.springframework.security.web.servletapi.SecurityContextHolderAwareRequestFilter@7d537616, org.springframework.security.web.authentication.AnonymousAuthenticationFilter@22aefae0, org.springframework.security.web.session.SessionManagementFilter@28fa541, org.springframework.security.web.access.ExceptionTranslationFilter@3dd2b9c1, org.springframework.security.web.access.intercept.FilterSecurityInterceptor@6076c66]
2021-11-09 15:43:27.323 INFO  s.d.s.w.PropertySourcedRequestMappingHandlerMapping - Mapped URL path [/v2/api-docs] onto method [public org.springframework.http.ResponseEntity<springfox.documentation.spring.web.json.Json> springfox.documentation.swagger2.web.Swagger2Controller.getDocumentation(java.lang.String,javax.servlet.http.HttpServletRequest)]
2021-11-09 15:43:27.478 INFO  o.s.web.servlet.handler.SimpleUrlHandlerMapping - Mapped URL path [/**/favicon.ico] onto handler of type [class org.springframework.web.servlet.resource.ResourceHttpRequestHandler]
2021-11-09 15:43:27.747 INFO  o.s.w.s.m.m.a.RequestMappingHandlerAdapter - Looking for @ControllerAdvice: org.springframework.boot.web.servlet.context.AnnotationConfigServletWebServerApplicationContext@1d131e1b: startup date [Tue Nov 09 15:43:16 CST 2021]; root of context hierarchy
2021-11-09 15:43:27.834 INFO  o.s.web.servlet.handler.SimpleUrlHandlerMapping - Mapped URL path [/webjars/**] onto handler of type [class org.springframework.web.servlet.resource.ResourceHttpRequestHandler]
2021-11-09 15:43:27.834 INFO  o.s.web.servlet.handler.SimpleUrlHandlerMapping - Mapped URL path [/**] onto handler of type [class org.springframework.web.servlet.resource.ResourceHttpRequestHandler]
2021-11-09 15:43:27.863 INFO  o.s.w.s.m.m.a.ExceptionHandlerExceptionResolver - Detected @ExceptionHandler methods in globalExceptionHandler
2021-11-09 15:43:28.719 INFO  o.s.jmx.export.annotation.AnnotationMBeanExporter - Registering beans for JMX exposure on startup
2021-11-09 15:43:28.721 INFO  o.s.jmx.export.annotation.AnnotationMBeanExporter - Bean with name 'dataSource' has been autodetected for JMX exposure
2021-11-09 15:43:28.731 INFO  o.s.jmx.export.annotation.AnnotationMBeanExporter - Located MBean 'dataSource': registering with JMX server as MBean [com.zaxxer.hikari:name=dataSource,type=HikariDataSource]
2021-11-09 15:43:28.738 INFO  o.s.context.support.DefaultLifecycleProcessor - Starting beans in phase 2147483647
2021-11-09 15:43:28.738 INFO  s.d.s.web.plugins.DocumentationPluginsBootstrapper - Context refreshed
2021-11-09 15:43:28.761 INFO  s.d.s.web.plugins.DocumentationPluginsBootstrapper - Found 1 custom documentation plugin(s)
2021-11-09 15:43:28.808 INFO  s.d.spring.web.scanners.ApiListingReferenceScanner - Scanning for api listing references
2021-11-09 15:43:29.024 INFO  s.d.s.w.r.operation.CachingOperationNameGenerator - Generating unique operation named: registerUsingPOST_1
2021-11-09 15:43:29.056 INFO  org.apache.coyote.http11.Http11NioProtocol - Starting ProtocolHandler ["http-nio-9000"]
2021-11-09 15:43:29.058 INFO  org.apache.tomcat.util.net.NioSelectorPool - Using a shared selector for servlet write/read
2021-11-09 15:43:29.079 INFO  o.s.boot.web.embedded.tomcat.TomcatWebServer - Tomcat started on port(s): 9000 (http) with context path '/mall'
2021-11-09 15:43:29.084 INFO  com.esc.mall.MallWebApplication - Started MallWebApplication in 13.087 seconds (JVM running for 15.661)
2021-11-09 15:43:58.936 INFO  o.a.c.c.ContainerBase.[Tomcat].[localhost].[/mall] - Initializing Spring FrameworkServlet 'dispatcherServlet'
2021-11-09 15:43:58.936 INFO  org.springframework.web.servlet.DispatcherServlet - FrameworkServlet 'dispatcherServlet': initialization started
2021-11-09 15:43:58.959 INFO  org.springframework.web.servlet.DispatcherServlet - FrameworkServlet 'dispatcherServlet': initialization completed in 23 ms
2021-11-09 15:46:16.023 INFO  o.s.b.w.s.c.AnnotationConfigServletWebServerApplicationContext - Closing org.springframework.boot.web.servlet.context.AnnotationConfigServletWebServerApplicationContext@1d131e1b: startup date [Tue Nov 09 15:43:16 CST 2021]; root of context hierarchy
2021-11-09 15:46:16.028 INFO  o.s.context.support.DefaultLifecycleProcessor - Stopping beans in phase 2147483647
2021-11-09 15:46:16.030 INFO  o.s.jmx.export.annotation.AnnotationMBeanExporter - Unregistering JMX-exposed beans on shutdown
2021-11-09 15:46:16.031 INFO  o.s.jmx.export.annotation.AnnotationMBeanExporter - Unregistering JMX-exposed beans
2021-11-09 15:46:26.828 INFO  com.esc.mall.MallWebApplication - Starting MallWebApplication on DESKTOP-D3C1OON with PID 5284 (E:\jr_workspace\esc_mall\mall_esc_api\target\classes started by ThinkPad in E:\jr_workspace\esc_mall)
2021-11-09 15:46:26.834 INFO  com.esc.mall.MallWebApplication - The following profiles are active: dev
2021-11-09 15:46:26.924 INFO  o.s.b.w.s.c.AnnotationConfigServletWebServerApplicationContext - Refreshing org.springframework.boot.web.servlet.context.AnnotationConfigServletWebServerApplicationContext@732f29af: startup date [Tue Nov 09 15:46:26 CST 2021]; root of context hierarchy
2021-11-09 15:46:28.085 INFO  o.s.b.factory.support.DefaultListableBeanFactory - Overriding bean definition for bean 'myPasswordEncode' with a different definition: replacing [Generic bean: class [com.esc.mall.security.MyPasswordEncode]; scope=singleton; abstract=false; lazyInit=false; autowireMode=0; dependencyCheck=0; autowireCandidate=true; primary=false; factoryBeanName=null; factoryMethodName=null; initMethodName=null; destroyMethodName=null; defined in file [E:\jr_workspace\esc_mall\mall_esc_common\target\classes\com\esc\mall\security\MyPasswordEncode.class]] with [Root bean: class [null]; scope=; abstract=false; lazyInit=false; autowireMode=3; dependencyCheck=0; autowireCandidate=true; primary=false; factoryBeanName=securityConfig; factoryMethodName=myPasswordEncode; initMethodName=null; destroyMethodName=(inferred); defined in class path resource [com/esc/mall/security/SecurityConfig.class]]
2021-11-09 15:46:28.086 INFO  o.s.b.factory.support.DefaultListableBeanFactory - Overriding bean definition for bean 'jwtAuthenticationTokenFilter' with a different definition: replacing [Generic bean: class [com.esc.mall.security.JwtAuthenticationTokenFilter]; scope=singleton; abstract=false; lazyInit=false; autowireMode=0; dependencyCheck=0; autowireCandidate=true; primary=false; factoryBeanName=null; factoryMethodName=null; initMethodName=null; destroyMethodName=null; defined in file [E:\jr_workspace\esc_mall\mall_esc_common\target\classes\com\esc\mall\security\JwtAuthenticationTokenFilter.class]] with [Root bean: class [null]; scope=; abstract=false; lazyInit=false; autowireMode=3; dependencyCheck=0; autowireCandidate=true; primary=false; factoryBeanName=securityConfig; factoryMethodName=jwtAuthenticationTokenFilter; initMethodName=null; destroyMethodName=(inferred); defined in class path resource [com/esc/mall/security/SecurityConfig.class]]
2021-11-09 15:46:28.506 INFO  o.s.d.r.config.RepositoryConfigurationDelegate - Multiple Spring Data modules found, entering strict repository configuration mode!
2021-11-09 15:46:28.598 INFO  o.s.d.r.config.RepositoryConfigurationDelegate - Multiple Spring Data modules found, entering strict repository configuration mode!
2021-11-09 15:46:28.619 INFO  o.s.d.r.c.RepositoryConfigurationExtensionSupport - Spring Data Redis - Could not safely identify store assignment for repository candidate interface com.esc.mall.product.repository.EsProductRepository.
2021-11-09 15:46:29.215 INFO  o.s.c.s.PostProcessorRegistrationDelegate$BeanPostProcessorChecker - Bean 'org.springframework.transaction.annotation.ProxyTransactionManagementConfiguration' of type [org.springframework.transaction.annotation.ProxyTransactionManagementConfiguration$$EnhancerBySpringCGLIB$$b54eb9cf] is not eligible for getting processed by all BeanPostProcessors (for example: not eligible for auto-proxying)
2021-11-09 15:46:29.277 INFO  o.s.c.s.PostProcessorRegistrationDelegate$BeanPostProcessorChecker - Bean 'org.springframework.security.config.annotation.configuration.ObjectPostProcessorConfiguration' of type [org.springframework.security.config.annotation.configuration.ObjectPostProcessorConfiguration$$EnhancerBySpringCGLIB$$4dfc8209] is not eligible for getting processed by all BeanPostProcessors (for example: not eligible for auto-proxying)
2021-11-09 15:46:29.288 INFO  o.s.c.s.PostProcessorRegistrationDelegate$BeanPostProcessorChecker - Bean 'objectPostProcessor' of type [org.springframework.security.config.annotation.configuration.AutowireBeanFactoryObjectPostProcessor] is not eligible for getting processed by all BeanPostProcessors (for example: not eligible for auto-proxying)
2021-11-09 15:46:29.292 INFO  o.s.c.s.PostProcessorRegistrationDelegate$BeanPostProcessorChecker - Bean 'org.springframework.security.access.expression.method.DefaultMethodSecurityExpressionHandler@110b7837' of type [org.springframework.security.access.expression.method.DefaultMethodSecurityExpressionHandler] is not eligible for getting processed by all BeanPostProcessors (for example: not eligible for auto-proxying)
2021-11-09 15:46:29.309 INFO  o.s.c.s.PostProcessorRegistrationDelegate$BeanPostProcessorChecker - Bean 'org.springframework.security.config.annotation.method.configuration.GlobalMethodSecurityConfiguration' of type [org.springframework.security.config.annotation.method.configuration.GlobalMethodSecurityConfiguration$$EnhancerBySpringCGLIB$$72d124bb] is not eligible for getting processed by all BeanPostProcessors (for example: not eligible for auto-proxying)
2021-11-09 15:46:29.322 INFO  o.s.c.s.PostProcessorRegistrationDelegate$BeanPostProcessorChecker - Bean 'methodSecurityMetadataSource' of type [org.springframework.security.access.method.DelegatingMethodSecurityMetadataSource] is not eligible for getting processed by all BeanPostProcessors (for example: not eligible for auto-proxying)
2021-11-09 15:46:29.881 INFO  o.s.boot.web.embedded.tomcat.TomcatWebServer - Tomcat initialized with port(s): 9000 (http)
2021-11-09 15:46:29.964 INFO  org.apache.coyote.http11.Http11NioProtocol - Initializing ProtocolHandler ["http-nio-9000"]
2021-11-09 15:46:29.981 INFO  org.apache.catalina.core.StandardService - Starting service [Tomcat]
2021-11-09 15:46:29.981 INFO  org.apache.catalina.core.StandardEngine - Starting Servlet Engine: Apache Tomcat/8.5.37
2021-11-09 15:46:29.988 INFO  org.apache.catalina.core.AprLifecycleListener - The APR based Apache Tomcat Native library which allows optimal performance in production environments was not found on the java.library.path: [C:\Program Files\Java\jdk1.8.0_241\bin;C:\Windows\Sun\Java\bin;C:\Windows\system32;C:\Windows;C:\Program Files (x86)\Common Files\Oracle\Java\javapath;C:\Windows\system32;C:\Windows;C:\Windows\System32\Wbem;C:\Windows\System32\WindowsPowerShell\v1.0\;C:\Windows\System32\OpenSSH\;"C:\Program Files\Java\jdk1.8.0_241\bin;C:\Program Files\Java\jdk1.8.0_241\jre\bin";D:\Tools\maven3.8.3\apache-maven-3.8.3\bin;D:\Tools\TortoiseSVN\bin;D:\Tools\XShell7\;D:\Tools\XFtp7\;D:\Tools\Git\Git\cmd;D:\Tools\Redis5.0.14\;C:\Program Files\MySQL\MySQL Shell 8.0\bin\;C:\Users\ThinkPad\AppData\Local\Microsoft\WindowsApps;;.]
2021-11-09 15:46:30.141 INFO  o.a.c.c.ContainerBase.[Tomcat].[localhost].[/mall] - Initializing Spring embedded WebApplicationContext
2021-11-09 15:46:30.142 INFO  org.springframework.web.context.ContextLoader - Root WebApplicationContext: initialization completed in 3217 ms
2021-11-09 15:46:31.025 INFO  org.elasticsearch.plugins.PluginsService - no modules loaded
2021-11-09 15:46:31.026 INFO  org.elasticsearch.plugins.PluginsService - loaded plugin [org.elasticsearch.index.reindex.ReindexPlugin]
2021-11-09 15:46:31.026 INFO  org.elasticsearch.plugins.PluginsService - loaded plugin [org.elasticsearch.join.ParentJoinPlugin]
2021-11-09 15:46:31.026 INFO  org.elasticsearch.plugins.PluginsService - loaded plugin [org.elasticsearch.percolator.PercolatorPlugin]
2021-11-09 15:46:31.026 INFO  org.elasticsearch.plugins.PluginsService - loaded plugin [org.elasticsearch.script.mustache.MustachePlugin]
2021-11-09 15:46:31.026 INFO  org.elasticsearch.plugins.PluginsService - loaded plugin [org.elasticsearch.transport.Netty4Plugin]
2021-11-09 15:46:32.276 INFO  o.s.d.e.client.TransportClientFactoryBean - Adding transport node : 127.0.0.1:9300
2021-11-09 15:46:35.870 INFO  o.s.boot.web.servlet.FilterRegistrationBean - Mapping filter: 'characterEncodingFilter' to: [/*]
2021-11-09 15:46:35.871 INFO  o.s.boot.web.servlet.FilterRegistrationBean - Mapping filter: 'webMvcMetricsFilter' to: [/*]
2021-11-09 15:46:35.871 INFO  o.s.boot.web.servlet.FilterRegistrationBean - Mapping filter: 'hiddenHttpMethodFilter' to: [/*]
2021-11-09 15:46:35.871 INFO  o.s.boot.web.servlet.FilterRegistrationBean - Mapping filter: 'httpPutFormContentFilter' to: [/*]
2021-11-09 15:46:35.871 INFO  o.s.boot.web.servlet.FilterRegistrationBean - Mapping filter: 'requestContextFilter' to: [/*]
2021-11-09 15:46:35.872 INFO  o.s.b.w.s.DelegatingFilterProxyRegistrationBean - Mapping filter: 'springSecurityFilterChain' to: [/*]
2021-11-09 15:46:35.872 INFO  o.s.boot.web.servlet.FilterRegistrationBean - Mapping filter: 'httpTraceFilter' to: [/*]
2021-11-09 15:46:35.872 INFO  o.s.boot.web.servlet.FilterRegistrationBean - Mapping filter: 'jwtAuthenticationTokenFilter' to: [/*]
2021-11-09 15:46:35.872 INFO  o.s.boot.web.servlet.ServletRegistrationBean - Servlet dispatcherServlet mapped to [/]
2021-11-09 15:46:37.026 INFO  o.s.w.s.m.m.a.RequestMappingHandlerMapping - Mapped "{[/v1/es/products/importAll],methods=[POST]}" onto public com.esc.mall.api.result.MallResult<java.lang.Integer> com.esc.mall.controller.elasticsearch.EsPmsProductController.importAllProduct()
2021-11-09 15:46:37.030 INFO  o.s.w.s.m.m.a.RequestMappingHandlerMapping - Mapped "{[/v1/products/list],methods=[GET]}" onto public com.esc.mall.api.result.MallResult<com.esc.mall.model.PmsProduct> com.esc.mall.controller.PmsProductController.list(com.esc.mall.dto.pms.product.PmsProductQueryDTO)
2021-11-09 15:46:37.032 INFO  o.s.w.s.m.m.a.RequestMappingHandlerMapping - Mapped "{[/v1/admin/register],methods=[POST]}" onto public com.esc.mall.api.result.MallResult com.esc.mall.controller.UmsAdminController.register(com.esc.mall.dto.ums.admin.UmsAdminRegisterDTO)
2021-11-09 15:46:37.032 INFO  o.s.w.s.m.m.a.RequestMappingHandlerMapping - Mapped "{[/v1/admin/login],methods=[POST]}" onto public com.esc.mall.api.result.MallResult com.esc.mall.controller.UmsAdminController.login(com.esc.mall.dto.ums.admin.UmsAdminLoginDTO)
2021-11-09 15:46:37.033 INFO  o.s.w.s.m.m.a.RequestMappingHandlerMapping - Mapped "{[/v1/member/register],methods=[POST]}" onto public com.esc.mall.api.result.MallResult com.esc.mall.controller.UmsMemberController.register(com.esc.mall.dto.ums.member.UmsMemberRegisterDTO)
2021-11-09 15:46:37.033 INFO  o.s.w.s.m.m.a.RequestMappingHandlerMapping - Mapped "{[/v1/member/getAuthCode],methods=[GET]}" onto public com.esc.mall.api.result.MallResult com.esc.mall.controller.UmsMemberController.getAuthCode(java.lang.String)
2021-11-09 15:46:37.038 INFO  o.s.w.s.m.m.a.RequestMappingHandlerMapping - Mapped "{[/swagger-resources/configuration/security]}" onto public org.springframework.http.ResponseEntity<springfox.documentation.swagger.web.SecurityConfiguration> springfox.documentation.swagger.web.ApiResourceController.securityConfiguration()
2021-11-09 15:46:37.039 INFO  o.s.w.s.m.m.a.RequestMappingHandlerMapping - Mapped "{[/swagger-resources/configuration/ui]}" onto public org.springframework.http.ResponseEntity<springfox.documentation.swagger.web.UiConfiguration> springfox.documentation.swagger.web.ApiResourceController.uiConfiguration()
2021-11-09 15:46:37.040 INFO  o.s.w.s.m.m.a.RequestMappingHandlerMapping - Mapped "{[/swagger-resources]}" onto public org.springframework.http.ResponseEntity<java.util.List<springfox.documentation.swagger.web.SwaggerResource>> springfox.documentation.swagger.web.ApiResourceController.swaggerResources()
2021-11-09 15:46:37.044 INFO  o.s.w.s.m.m.a.RequestMappingHandlerMapping - Mapped "{[/error]}" onto public org.springframework.http.ResponseEntity<java.util.Map<java.lang.String, java.lang.Object>> org.springframework.boot.autoconfigure.web.servlet.error.BasicErrorController.error(javax.servlet.http.HttpServletRequest)
2021-11-09 15:46:37.044 INFO  o.s.w.s.m.m.a.RequestMappingHandlerMapping - Mapped "{[/error],produces=[text/html]}" onto public org.springframework.web.servlet.ModelAndView org.springframework.boot.autoconfigure.web.servlet.error.BasicErrorController.errorHtml(javax.servlet.http.HttpServletRequest,javax.servlet.http.HttpServletResponse)
2021-11-09 15:46:37.182 INFO  o.s.b.actuate.endpoint.web.EndpointLinksResolver - Exposing 2 endpoint(s) beneath base path '/actuator'
2021-11-09 15:46:37.203 INFO  o.s.b.a.e.web.servlet.WebMvcEndpointHandlerMapping - Mapped "{[/actuator/health],methods=[GET],produces=[application/vnd.spring-boot.actuator.v2+json || application/json]}" onto public java.lang.Object org.springframework.boot.actuate.endpoint.web.servlet.AbstractWebMvcEndpointHandlerMapping$OperationHandler.handle(javax.servlet.http.HttpServletRequest,java.util.Map<java.lang.String, java.lang.String>)
2021-11-09 15:46:37.204 INFO  o.s.b.a.e.web.servlet.WebMvcEndpointHandlerMapping - Mapped "{[/actuator/info],methods=[GET],produces=[application/vnd.spring-boot.actuator.v2+json || application/json]}" onto public java.lang.Object org.springframework.boot.actuate.endpoint.web.servlet.AbstractWebMvcEndpointHandlerMapping$OperationHandler.handle(javax.servlet.http.HttpServletRequest,java.util.Map<java.lang.String, java.lang.String>)
2021-11-09 15:46:37.205 INFO  o.s.b.a.e.web.servlet.WebMvcEndpointHandlerMapping - Mapped "{[/actuator],methods=[GET],produces=[application/vnd.spring-boot.actuator.v2+json || application/json]}" onto protected java.util.Map<java.lang.String, java.util.Map<java.lang.String, org.springframework.boot.actuate.endpoint.web.Link>> org.springframework.boot.actuate.endpoint.web.servlet.WebMvcEndpointHandlerMapping.links(javax.servlet.http.HttpServletRequest,javax.servlet.http.HttpServletResponse)
2021-11-09 15:46:37.697 INFO  o.s.security.web.DefaultSecurityFilterChain - Creating filter chain: org.springframework.security.web.util.matcher.AnyRequestMatcher@1, [org.springframework.security.web.context.request.async.WebAsyncManagerIntegrationFilter@536da29c, org.springframework.security.web.context.SecurityContextPersistenceFilter@343db2f6, org.springframework.security.web.header.HeaderWriterFilter@7858d31d, org.springframework.security.web.authentication.logout.LogoutFilter@3feebf9c, com.esc.mall.security.JwtAuthenticationTokenFilter@205b00e1, org.springframework.security.web.savedrequest.RequestCacheAwareFilter@769b0752, org.springframework.security.web.servletapi.SecurityContextHolderAwareRequestFilter@466fedfa, org.springframework.security.web.authentication.AnonymousAuthenticationFilter@58fbcb71, org.springframework.security.web.session.SessionManagementFilter@3eec8583, org.springframework.security.web.access.ExceptionTranslationFilter@3f6f9cef, org.springframework.security.web.access.intercept.FilterSecurityInterceptor@6b9a1205]
2021-11-09 15:46:37.804 INFO  s.d.s.w.PropertySourcedRequestMappingHandlerMapping - Mapped URL path [/v2/api-docs] onto method [public org.springframework.http.ResponseEntity<springfox.documentation.spring.web.json.Json> springfox.documentation.swagger2.web.Swagger2Controller.getDocumentation(java.lang.String,javax.servlet.http.HttpServletRequest)]
2021-11-09 15:46:37.959 INFO  o.s.web.servlet.handler.SimpleUrlHandlerMapping - Mapped URL path [/**/favicon.ico] onto handler of type [class org.springframework.web.servlet.resource.ResourceHttpRequestHandler]
2021-11-09 15:46:38.253 INFO  o.s.w.s.m.m.a.RequestMappingHandlerAdapter - Looking for @ControllerAdvice: org.springframework.boot.web.servlet.context.AnnotationConfigServletWebServerApplicationContext@732f29af: startup date [Tue Nov 09 15:46:26 CST 2021]; root of context hierarchy
2021-11-09 15:46:38.335 INFO  o.s.web.servlet.handler.SimpleUrlHandlerMapping - Mapped URL path [/webjars/**] onto handler of type [class org.springframework.web.servlet.resource.ResourceHttpRequestHandler]
2021-11-09 15:46:38.335 INFO  o.s.web.servlet.handler.SimpleUrlHandlerMapping - Mapped URL path [/**] onto handler of type [class org.springframework.web.servlet.resource.ResourceHttpRequestHandler]
2021-11-09 15:46:38.363 INFO  o.s.w.s.m.m.a.ExceptionHandlerExceptionResolver - Detected @ExceptionHandler methods in globalExceptionHandler
2021-11-09 15:46:39.180 INFO  o.s.jmx.export.annotation.AnnotationMBeanExporter - Registering beans for JMX exposure on startup
2021-11-09 15:46:39.182 INFO  o.s.jmx.export.annotation.AnnotationMBeanExporter - Bean with name 'dataSource' has been autodetected for JMX exposure
2021-11-09 15:46:39.193 INFO  o.s.jmx.export.annotation.AnnotationMBeanExporter - Located MBean 'dataSource': registering with JMX server as MBean [com.zaxxer.hikari:name=dataSource,type=HikariDataSource]
2021-11-09 15:46:39.199 INFO  o.s.context.support.DefaultLifecycleProcessor - Starting beans in phase 2147483647
2021-11-09 15:46:39.199 INFO  s.d.s.web.plugins.DocumentationPluginsBootstrapper - Context refreshed
2021-11-09 15:46:39.221 INFO  s.d.s.web.plugins.DocumentationPluginsBootstrapper - Found 1 custom documentation plugin(s)
2021-11-09 15:46:39.264 INFO  s.d.spring.web.scanners.ApiListingReferenceScanner - Scanning for api listing references
2021-11-09 15:46:39.498 INFO  s.d.s.w.r.operation.CachingOperationNameGenerator - Generating unique operation named: registerUsingPOST_1
2021-11-09 15:46:39.555 INFO  org.apache.coyote.http11.Http11NioProtocol - Starting ProtocolHandler ["http-nio-9000"]
2021-11-09 15:46:39.558 INFO  org.apache.tomcat.util.net.NioSelectorPool - Using a shared selector for servlet write/read
2021-11-09 15:46:39.586 INFO  o.s.boot.web.embedded.tomcat.TomcatWebServer - Tomcat started on port(s): 9000 (http) with context path '/mall'
2021-11-09 15:46:39.596 INFO  com.esc.mall.MallWebApplication - Started MallWebApplication in 13.449 seconds (JVM running for 16.302)
2021-11-09 15:46:43.869 INFO  o.a.c.c.ContainerBase.[Tomcat].[localhost].[/mall] - Initializing Spring FrameworkServlet 'dispatcherServlet'
2021-11-09 15:46:43.869 INFO  org.springframework.web.servlet.DispatcherServlet - FrameworkServlet 'dispatcherServlet': initialization started
2021-11-09 15:46:43.891 INFO  org.springframework.web.servlet.DispatcherServlet - FrameworkServlet 'dispatcherServlet': initialization completed in 22 ms
2021-11-09 15:47:22.638 INFO  o.s.b.w.s.c.AnnotationConfigServletWebServerApplicationContext - Closing org.springframework.boot.web.servlet.context.AnnotationConfigServletWebServerApplicationContext@732f29af: startup date [Tue Nov 09 15:46:26 CST 2021]; root of context hierarchy
2021-11-09 15:47:22.644 INFO  o.s.context.support.DefaultLifecycleProcessor - Stopping beans in phase 2147483647
2021-11-09 15:47:22.646 INFO  o.s.jmx.export.annotation.AnnotationMBeanExporter - Unregistering JMX-exposed beans on shutdown
2021-11-09 15:47:22.647 INFO  o.s.jmx.export.annotation.AnnotationMBeanExporter - Unregistering JMX-exposed beans
2021-11-09 15:47:34.462 INFO  com.esc.mall.MallWebApplication - Starting MallWebApplication on DESKTOP-D3C1OON with PID 10468 (E:\jr_workspace\esc_mall\mall_esc_api\target\classes started by ThinkPad in E:\jr_workspace\esc_mall)
2021-11-09 15:47:34.467 INFO  com.esc.mall.MallWebApplication - The following profiles are active: dev
2021-11-09 15:47:34.547 INFO  o.s.b.w.s.c.AnnotationConfigServletWebServerApplicationContext - Refreshing org.springframework.boot.web.servlet.context.AnnotationConfigServletWebServerApplicationContext@7e3181aa: startup date [Tue Nov 09 15:47:34 CST 2021]; root of context hierarchy
2021-11-09 15:47:35.900 INFO  o.s.b.factory.support.DefaultListableBeanFactory - Overriding bean definition for bean 'myPasswordEncode' with a different definition: replacing [Generic bean: class [com.esc.mall.security.MyPasswordEncode]; scope=singleton; abstract=false; lazyInit=false; autowireMode=0; dependencyCheck=0; autowireCandidate=true; primary=false; factoryBeanName=null; factoryMethodName=null; initMethodName=null; destroyMethodName=null; defined in file [E:\jr_workspace\esc_mall\mall_esc_common\target\classes\com\esc\mall\security\MyPasswordEncode.class]] with [Root bean: class [null]; scope=; abstract=false; lazyInit=false; autowireMode=3; dependencyCheck=0; autowireCandidate=true; primary=false; factoryBeanName=securityConfig; factoryMethodName=myPasswordEncode; initMethodName=null; destroyMethodName=(inferred); defined in class path resource [com/esc/mall/security/SecurityConfig.class]]
2021-11-09 15:47:35.901 INFO  o.s.b.factory.support.DefaultListableBeanFactory - Overriding bean definition for bean 'jwtAuthenticationTokenFilter' with a different definition: replacing [Generic bean: class [com.esc.mall.security.JwtAuthenticationTokenFilter]; scope=singleton; abstract=false; lazyInit=false; autowireMode=0; dependencyCheck=0; autowireCandidate=true; primary=false; factoryBeanName=null; factoryMethodName=null; initMethodName=null; destroyMethodName=null; defined in file [E:\jr_workspace\esc_mall\mall_esc_common\target\classes\com\esc\mall\security\JwtAuthenticationTokenFilter.class]] with [Root bean: class [null]; scope=; abstract=false; lazyInit=false; autowireMode=3; dependencyCheck=0; autowireCandidate=true; primary=false; factoryBeanName=securityConfig; factoryMethodName=jwtAuthenticationTokenFilter; initMethodName=null; destroyMethodName=(inferred); defined in class path resource [com/esc/mall/security/SecurityConfig.class]]
2021-11-09 15:47:36.334 INFO  o.s.d.r.config.RepositoryConfigurationDelegate - Multiple Spring Data modules found, entering strict repository configuration mode!
2021-11-09 15:47:36.435 INFO  o.s.d.r.config.RepositoryConfigurationDelegate - Multiple Spring Data modules found, entering strict repository configuration mode!
2021-11-09 15:47:36.460 INFO  o.s.d.r.c.RepositoryConfigurationExtensionSupport - Spring Data Redis - Could not safely identify store assignment for repository candidate interface com.esc.mall.product.repository.EsProductRepository.
2021-11-09 15:47:37.085 INFO  o.s.c.s.PostProcessorRegistrationDelegate$BeanPostProcessorChecker - Bean 'org.springframework.transaction.annotation.ProxyTransactionManagementConfiguration' of type [org.springframework.transaction.annotation.ProxyTransactionManagementConfiguration$$EnhancerBySpringCGLIB$$f09e1ebd] is not eligible for getting processed by all BeanPostProcessors (for example: not eligible for auto-proxying)
2021-11-09 15:47:37.160 INFO  o.s.c.s.PostProcessorRegistrationDelegate$BeanPostProcessorChecker - Bean 'org.springframework.security.config.annotation.configuration.ObjectPostProcessorConfiguration' of type [org.springframework.security.config.annotation.configuration.ObjectPostProcessorConfiguration$$EnhancerBySpringCGLIB$$894be6f7] is not eligible for getting processed by all BeanPostProcessors (for example: not eligible for auto-proxying)
2021-11-09 15:47:37.171 INFO  o.s.c.s.PostProcessorRegistrationDelegate$BeanPostProcessorChecker - Bean 'objectPostProcessor' of type [org.springframework.security.config.annotation.configuration.AutowireBeanFactoryObjectPostProcessor] is not eligible for getting processed by all BeanPostProcessors (for example: not eligible for auto-proxying)
2021-11-09 15:47:37.174 INFO  o.s.c.s.PostProcessorRegistrationDelegate$BeanPostProcessorChecker - Bean 'org.springframework.security.access.expression.method.DefaultMethodSecurityExpressionHandler@34330f77' of type [org.springframework.security.access.expression.method.DefaultMethodSecurityExpressionHandler] is not eligible for getting processed by all BeanPostProcessors (for example: not eligible for auto-proxying)
2021-11-09 15:47:37.182 INFO  o.s.c.s.PostProcessorRegistrationDelegate$BeanPostProcessorChecker - Bean 'org.springframework.security.config.annotation.method.configuration.GlobalMethodSecurityConfiguration' of type [org.springframework.security.config.annotation.method.configuration.GlobalMethodSecurityConfiguration$$EnhancerBySpringCGLIB$$ae2089a9] is not eligible for getting processed by all BeanPostProcessors (for example: not eligible for auto-proxying)
2021-11-09 15:47:37.194 INFO  o.s.c.s.PostProcessorRegistrationDelegate$BeanPostProcessorChecker - Bean 'methodSecurityMetadataSource' of type [org.springframework.security.access.method.DelegatingMethodSecurityMetadataSource] is not eligible for getting processed by all BeanPostProcessors (for example: not eligible for auto-proxying)
2021-11-09 15:47:37.754 INFO  o.s.boot.web.embedded.tomcat.TomcatWebServer - Tomcat initialized with port(s): 9000 (http)
2021-11-09 15:47:37.839 INFO  org.apache.coyote.http11.Http11NioProtocol - Initializing ProtocolHandler ["http-nio-9000"]
2021-11-09 15:47:37.858 INFO  org.apache.catalina.core.StandardService - Starting service [Tomcat]
2021-11-09 15:47:37.858 INFO  org.apache.catalina.core.StandardEngine - Starting Servlet Engine: Apache Tomcat/8.5.37
2021-11-09 15:47:37.864 INFO  org.apache.catalina.core.AprLifecycleListener - The APR based Apache Tomcat Native library which allows optimal performance in production environments was not found on the java.library.path: [C:\Program Files\Java\jdk1.8.0_241\bin;C:\Windows\Sun\Java\bin;C:\Windows\system32;C:\Windows;C:\Program Files (x86)\Common Files\Oracle\Java\javapath;C:\Windows\system32;C:\Windows;C:\Windows\System32\Wbem;C:\Windows\System32\WindowsPowerShell\v1.0\;C:\Windows\System32\OpenSSH\;"C:\Program Files\Java\jdk1.8.0_241\bin;C:\Program Files\Java\jdk1.8.0_241\jre\bin";D:\Tools\maven3.8.3\apache-maven-3.8.3\bin;D:\Tools\TortoiseSVN\bin;D:\Tools\XShell7\;D:\Tools\XFtp7\;D:\Tools\Git\Git\cmd;D:\Tools\Redis5.0.14\;C:\Program Files\MySQL\MySQL Shell 8.0\bin\;C:\Users\ThinkPad\AppData\Local\Microsoft\WindowsApps;;.]
2021-11-09 15:47:38.020 INFO  o.a.c.c.ContainerBase.[Tomcat].[localhost].[/mall] - Initializing Spring embedded WebApplicationContext
2021-11-09 15:47:38.020 INFO  org.springframework.web.context.ContextLoader - Root WebApplicationContext: initialization completed in 3473 ms
2021-11-09 15:47:38.936 INFO  org.elasticsearch.plugins.PluginsService - no modules loaded
2021-11-09 15:47:38.937 INFO  org.elasticsearch.plugins.PluginsService - loaded plugin [org.elasticsearch.index.reindex.ReindexPlugin]
2021-11-09 15:47:38.937 INFO  org.elasticsearch.plugins.PluginsService - loaded plugin [org.elasticsearch.join.ParentJoinPlugin]
2021-11-09 15:47:38.937 INFO  org.elasticsearch.plugins.PluginsService - loaded plugin [org.elasticsearch.percolator.PercolatorPlugin]
2021-11-09 15:47:38.937 INFO  org.elasticsearch.plugins.PluginsService - loaded plugin [org.elasticsearch.script.mustache.MustachePlugin]
2021-11-09 15:47:38.937 INFO  org.elasticsearch.plugins.PluginsService - loaded plugin [org.elasticsearch.transport.Netty4Plugin]
2021-11-09 15:47:40.269 INFO  o.s.d.e.client.TransportClientFactoryBean - Adding transport node : 127.0.0.1:9300
2021-11-09 15:47:44.025 INFO  o.s.boot.web.servlet.FilterRegistrationBean - Mapping filter: 'characterEncodingFilter' to: [/*]
2021-11-09 15:47:44.025 INFO  o.s.boot.web.servlet.FilterRegistrationBean - Mapping filter: 'webMvcMetricsFilter' to: [/*]
2021-11-09 15:47:44.025 INFO  o.s.boot.web.servlet.FilterRegistrationBean - Mapping filter: 'hiddenHttpMethodFilter' to: [/*]
2021-11-09 15:47:44.025 INFO  o.s.boot.web.servlet.FilterRegistrationBean - Mapping filter: 'httpPutFormContentFilter' to: [/*]
2021-11-09 15:47:44.026 INFO  o.s.boot.web.servlet.FilterRegistrationBean - Mapping filter: 'requestContextFilter' to: [/*]
2021-11-09 15:47:44.026 INFO  o.s.b.w.s.DelegatingFilterProxyRegistrationBean - Mapping filter: 'springSecurityFilterChain' to: [/*]
2021-11-09 15:47:44.026 INFO  o.s.boot.web.servlet.FilterRegistrationBean - Mapping filter: 'httpTraceFilter' to: [/*]
2021-11-09 15:47:44.026 INFO  o.s.boot.web.servlet.FilterRegistrationBean - Mapping filter: 'jwtAuthenticationTokenFilter' to: [/*]
2021-11-09 15:47:44.027 INFO  o.s.boot.web.servlet.ServletRegistrationBean - Servlet dispatcherServlet mapped to [/]
2021-11-09 15:47:45.236 INFO  o.s.w.s.m.m.a.RequestMappingHandlerMapping - Mapped "{[/v1/es/products/importAll],methods=[POST]}" onto public com.esc.mall.api.result.MallResult<java.lang.Integer> com.esc.mall.controller.elasticsearch.EsPmsProductController.importAllProduct()
2021-11-09 15:47:45.241 INFO  o.s.w.s.m.m.a.RequestMappingHandlerMapping - Mapped "{[/v1/products/list],methods=[GET]}" onto public com.esc.mall.api.result.MallResult<com.esc.mall.model.PmsProduct> com.esc.mall.controller.PmsProductController.list(com.esc.mall.dto.pms.product.PmsProductQueryDTO)
2021-11-09 15:47:45.243 INFO  o.s.w.s.m.m.a.RequestMappingHandlerMapping - Mapped "{[/v1/admin/register],methods=[POST]}" onto public com.esc.mall.api.result.MallResult com.esc.mall.controller.UmsAdminController.register(com.esc.mall.dto.ums.admin.UmsAdminRegisterDTO)
2021-11-09 15:47:45.244 INFO  o.s.w.s.m.m.a.RequestMappingHandlerMapping - Mapped "{[/v1/admin/login],methods=[POST]}" onto public com.esc.mall.api.result.MallResult com.esc.mall.controller.UmsAdminController.login(com.esc.mall.dto.ums.admin.UmsAdminLoginDTO)
2021-11-09 15:47:45.244 INFO  o.s.w.s.m.m.a.RequestMappingHandlerMapping - Mapped "{[/v1/member/register],methods=[POST]}" onto public com.esc.mall.api.result.MallResult com.esc.mall.controller.UmsMemberController.register(com.esc.mall.dto.ums.member.UmsMemberRegisterDTO)
2021-11-09 15:47:45.245 INFO  o.s.w.s.m.m.a.RequestMappingHandlerMapping - Mapped "{[/v1/member/getAuthCode],methods=[GET]}" onto public com.esc.mall.api.result.MallResult com.esc.mall.controller.UmsMemberController.getAuthCode(java.lang.String)
2021-11-09 15:47:45.249 INFO  o.s.w.s.m.m.a.RequestMappingHandlerMapping - Mapped "{[/swagger-resources/configuration/security]}" onto public org.springframework.http.ResponseEntity<springfox.documentation.swagger.web.SecurityConfiguration> springfox.documentation.swagger.web.ApiResourceController.securityConfiguration()
2021-11-09 15:47:45.250 INFO  o.s.w.s.m.m.a.RequestMappingHandlerMapping - Mapped "{[/swagger-resources/configuration/ui]}" onto public org.springframework.http.ResponseEntity<springfox.documentation.swagger.web.UiConfiguration> springfox.documentation.swagger.web.ApiResourceController.uiConfiguration()
2021-11-09 15:47:45.251 INFO  o.s.w.s.m.m.a.RequestMappingHandlerMapping - Mapped "{[/swagger-resources]}" onto public org.springframework.http.ResponseEntity<java.util.List<springfox.documentation.swagger.web.SwaggerResource>> springfox.documentation.swagger.web.ApiResourceController.swaggerResources()
2021-11-09 15:47:45.255 INFO  o.s.w.s.m.m.a.RequestMappingHandlerMapping - Mapped "{[/error]}" onto public org.springframework.http.ResponseEntity<java.util.Map<java.lang.String, java.lang.Object>> org.springframework.boot.autoconfigure.web.servlet.error.BasicErrorController.error(javax.servlet.http.HttpServletRequest)
2021-11-09 15:47:45.256 INFO  o.s.w.s.m.m.a.RequestMappingHandlerMapping - Mapped "{[/error],produces=[text/html]}" onto public org.springframework.web.servlet.ModelAndView org.springframework.boot.autoconfigure.web.servlet.error.BasicErrorController.errorHtml(javax.servlet.http.HttpServletRequest,javax.servlet.http.HttpServletResponse)
2021-11-09 15:47:45.389 INFO  o.s.b.actuate.endpoint.web.EndpointLinksResolver - Exposing 2 endpoint(s) beneath base path '/actuator'
2021-11-09 15:47:45.409 INFO  o.s.b.a.e.web.servlet.WebMvcEndpointHandlerMapping - Mapped "{[/actuator/health],methods=[GET],produces=[application/vnd.spring-boot.actuator.v2+json || application/json]}" onto public java.lang.Object org.springframework.boot.actuate.endpoint.web.servlet.AbstractWebMvcEndpointHandlerMapping$OperationHandler.handle(javax.servlet.http.HttpServletRequest,java.util.Map<java.lang.String, java.lang.String>)
2021-11-09 15:47:45.410 INFO  o.s.b.a.e.web.servlet.WebMvcEndpointHandlerMapping - Mapped "{[/actuator/info],methods=[GET],produces=[application/vnd.spring-boot.actuator.v2+json || application/json]}" onto public java.lang.Object org.springframework.boot.actuate.endpoint.web.servlet.AbstractWebMvcEndpointHandlerMapping$OperationHandler.handle(javax.servlet.http.HttpServletRequest,java.util.Map<java.lang.String, java.lang.String>)
2021-11-09 15:47:45.411 INFO  o.s.b.a.e.web.servlet.WebMvcEndpointHandlerMapping - Mapped "{[/actuator],methods=[GET],produces=[application/vnd.spring-boot.actuator.v2+json || application/json]}" onto protected java.util.Map<java.lang.String, java.util.Map<java.lang.String, org.springframework.boot.actuate.endpoint.web.Link>> org.springframework.boot.actuate.endpoint.web.servlet.WebMvcEndpointHandlerMapping.links(javax.servlet.http.HttpServletRequest,javax.servlet.http.HttpServletResponse)
2021-11-09 15:47:45.888 INFO  o.s.security.web.DefaultSecurityFilterChain - Creating filter chain: org.springframework.security.web.util.matcher.AnyRequestMatcher@1, [org.springframework.security.web.context.request.async.WebAsyncManagerIntegrationFilter@54defd69, org.springframework.security.web.context.SecurityContextPersistenceFilter@60c98f25, org.springframework.security.web.header.HeaderWriterFilter@41167ded, org.springframework.security.web.authentication.logout.LogoutFilter@8ac512e, com.esc.mall.security.JwtAuthenticationTokenFilter@6ad1eac, org.springframework.security.web.savedrequest.RequestCacheAwareFilter@1eb906f3, org.springframework.security.web.servletapi.SecurityContextHolderAwareRequestFilter@682266d8, org.springframework.security.web.authentication.AnonymousAuthenticationFilter@531a716c, org.springframework.security.web.session.SessionManagementFilter@6caa4dc5, org.springframework.security.web.access.ExceptionTranslationFilter@2d4f67e, org.springframework.security.web.access.intercept.FilterSecurityInterceptor@296676c4]
2021-11-09 15:47:45.998 INFO  s.d.s.w.PropertySourcedRequestMappingHandlerMapping - Mapped URL path [/v2/api-docs] onto method [public org.springframework.http.ResponseEntity<springfox.documentation.spring.web.json.Json> springfox.documentation.swagger2.web.Swagger2Controller.getDocumentation(java.lang.String,javax.servlet.http.HttpServletRequest)]
2021-11-09 15:47:46.158 INFO  o.s.web.servlet.handler.SimpleUrlHandlerMapping - Mapped URL path [/**/favicon.ico] onto handler of type [class org.springframework.web.servlet.resource.ResourceHttpRequestHandler]
2021-11-09 15:47:46.412 INFO  o.s.w.s.m.m.a.RequestMappingHandlerAdapter - Looking for @ControllerAdvice: org.springframework.boot.web.servlet.context.AnnotationConfigServletWebServerApplicationContext@7e3181aa: startup date [Tue Nov 09 15:47:34 CST 2021]; root of context hierarchy
2021-11-09 15:47:46.492 INFO  o.s.web.servlet.handler.SimpleUrlHandlerMapping - Mapped URL path [/webjars/**] onto handler of type [class org.springframework.web.servlet.resource.ResourceHttpRequestHandler]
2021-11-09 15:47:46.493 INFO  o.s.web.servlet.handler.SimpleUrlHandlerMapping - Mapped URL path [/**] onto handler of type [class org.springframework.web.servlet.resource.ResourceHttpRequestHandler]
2021-11-09 15:47:46.518 INFO  o.s.w.s.m.m.a.ExceptionHandlerExceptionResolver - Detected @ExceptionHandler methods in globalExceptionHandler
2021-11-09 15:47:47.332 INFO  o.s.jmx.export.annotation.AnnotationMBeanExporter - Registering beans for JMX exposure on startup
2021-11-09 15:47:47.334 INFO  o.s.jmx.export.annotation.AnnotationMBeanExporter - Bean with name 'dataSource' has been autodetected for JMX exposure
2021-11-09 15:47:47.345 INFO  o.s.jmx.export.annotation.AnnotationMBeanExporter - Located MBean 'dataSource': registering with JMX server as MBean [com.zaxxer.hikari:name=dataSource,type=HikariDataSource]
2021-11-09 15:47:47.374 INFO  o.s.context.support.DefaultLifecycleProcessor - Starting beans in phase 2147483647
2021-11-09 15:47:47.374 INFO  s.d.s.web.plugins.DocumentationPluginsBootstrapper - Context refreshed
2021-11-09 15:47:47.407 INFO  s.d.s.web.plugins.DocumentationPluginsBootstrapper - Found 1 custom documentation plugin(s)
2021-11-09 15:47:47.463 INFO  s.d.spring.web.scanners.ApiListingReferenceScanner - Scanning for api listing references
2021-11-09 15:47:47.755 INFO  s.d.s.w.r.operation.CachingOperationNameGenerator - Generating unique operation named: registerUsingPOST_1
2021-11-09 15:47:47.799 INFO  org.apache.coyote.http11.Http11NioProtocol - Starting ProtocolHandler ["http-nio-9000"]
2021-11-09 15:47:47.800 INFO  org.apache.tomcat.util.net.NioSelectorPool - Using a shared selector for servlet write/read
2021-11-09 15:47:47.825 INFO  o.s.boot.web.embedded.tomcat.TomcatWebServer - Tomcat started on port(s): 9000 (http) with context path '/mall'
2021-11-09 15:47:47.831 INFO  com.esc.mall.MallWebApplication - Started MallWebApplication in 14.018 seconds (JVM running for 16.208)
2021-11-09 15:47:50.678 INFO  o.a.c.c.ContainerBase.[Tomcat].[localhost].[/mall] - Initializing Spring FrameworkServlet 'dispatcherServlet'
2021-11-09 15:47:50.678 INFO  org.springframework.web.servlet.DispatcherServlet - FrameworkServlet 'dispatcherServlet': initialization started
2021-11-09 15:47:50.703 INFO  org.springframework.web.servlet.DispatcherServlet - FrameworkServlet 'dispatcherServlet': initialization completed in 25 ms
2021-11-09 15:50:13.522 INFO  o.s.b.w.s.c.AnnotationConfigServletWebServerApplicationContext - Closing org.springframework.boot.web.servlet.context.AnnotationConfigServletWebServerApplicationContext@7e3181aa: startup date [Tue Nov 09 15:47:34 CST 2021]; root of context hierarchy
2021-11-09 15:50:13.526 INFO  o.s.context.support.DefaultLifecycleProcessor - Stopping beans in phase 2147483647
2021-11-09 15:50:13.527 INFO  o.s.jmx.export.annotation.AnnotationMBeanExporter - Unregistering JMX-exposed beans on shutdown
2021-11-09 15:50:13.527 INFO  o.s.jmx.export.annotation.AnnotationMBeanExporter - Unregistering JMX-exposed beans
2021-11-09 15:50:21.999 INFO  com.esc.mall.MallWebApplication - Starting MallWebApplication on DESKTOP-D3C1OON with PID 8692 (E:\jr_workspace\esc_mall\mall_esc_api\target\classes started by ThinkPad in E:\jr_workspace\esc_mall)
2021-11-09 15:50:22.005 INFO  com.esc.mall.MallWebApplication - The following profiles are active: dev
2021-11-09 15:50:22.082 INFO  o.s.b.w.s.c.AnnotationConfigServletWebServerApplicationContext - Refreshing org.springframework.boot.web.servlet.context.AnnotationConfigServletWebServerApplicationContext@d3957fe: startup date [Tue Nov 09 15:50:22 CST 2021]; root of context hierarchy
2021-11-09 15:50:23.182 INFO  o.s.b.factory.support.DefaultListableBeanFactory - Overriding bean definition for bean 'myPasswordEncode' with a different definition: replacing [Generic bean: class [com.esc.mall.security.MyPasswordEncode]; scope=singleton; abstract=false; lazyInit=false; autowireMode=0; dependencyCheck=0; autowireCandidate=true; primary=false; factoryBeanName=null; factoryMethodName=null; initMethodName=null; destroyMethodName=null; defined in file [E:\jr_workspace\esc_mall\mall_esc_common\target\classes\com\esc\mall\security\MyPasswordEncode.class]] with [Root bean: class [null]; scope=; abstract=false; lazyInit=false; autowireMode=3; dependencyCheck=0; autowireCandidate=true; primary=false; factoryBeanName=securityConfig; factoryMethodName=myPasswordEncode; initMethodName=null; destroyMethodName=(inferred); defined in class path resource [com/esc/mall/security/SecurityConfig.class]]
2021-11-09 15:50:23.183 INFO  o.s.b.factory.support.DefaultListableBeanFactory - Overriding bean definition for bean 'jwtAuthenticationTokenFilter' with a different definition: replacing [Generic bean: class [com.esc.mall.security.JwtAuthenticationTokenFilter]; scope=singleton; abstract=false; lazyInit=false; autowireMode=0; dependencyCheck=0; autowireCandidate=true; primary=false; factoryBeanName=null; factoryMethodName=null; initMethodName=null; destroyMethodName=null; defined in file [E:\jr_workspace\esc_mall\mall_esc_common\target\classes\com\esc\mall\security\JwtAuthenticationTokenFilter.class]] with [Root bean: class [null]; scope=; abstract=false; lazyInit=false; autowireMode=3; dependencyCheck=0; autowireCandidate=true; primary=false; factoryBeanName=securityConfig; factoryMethodName=jwtAuthenticationTokenFilter; initMethodName=null; destroyMethodName=(inferred); defined in class path resource [com/esc/mall/security/SecurityConfig.class]]
2021-11-09 15:50:23.572 INFO  o.s.d.r.config.RepositoryConfigurationDelegate - Multiple Spring Data modules found, entering strict repository configuration mode!
2021-11-09 15:50:23.666 INFO  o.s.d.r.config.RepositoryConfigurationDelegate - Multiple Spring Data modules found, entering strict repository configuration mode!
2021-11-09 15:50:23.686 INFO  o.s.d.r.c.RepositoryConfigurationExtensionSupport - Spring Data Redis - Could not safely identify store assignment for repository candidate interface com.esc.mall.product.repository.EsProductRepository.
2021-11-09 15:50:24.265 INFO  o.s.c.s.PostProcessorRegistrationDelegate$BeanPostProcessorChecker - Bean 'org.springframework.transaction.annotation.ProxyTransactionManagementConfiguration' of type [org.springframework.transaction.annotation.ProxyTransactionManagementConfiguration$$EnhancerBySpringCGLIB$$89c413f1] is not eligible for getting processed by all BeanPostProcessors (for example: not eligible for auto-proxying)
2021-11-09 15:50:24.322 INFO  o.s.c.s.PostProcessorRegistrationDelegate$BeanPostProcessorChecker - Bean 'org.springframework.security.config.annotation.configuration.ObjectPostProcessorConfiguration' of type [org.springframework.security.config.annotation.configuration.ObjectPostProcessorConfiguration$$EnhancerBySpringCGLIB$$2271dc2b] is not eligible for getting processed by all BeanPostProcessors (for example: not eligible for auto-proxying)
2021-11-09 15:50:24.333 INFO  o.s.c.s.PostProcessorRegistrationDelegate$BeanPostProcessorChecker - Bean 'objectPostProcessor' of type [org.springframework.security.config.annotation.configuration.AutowireBeanFactoryObjectPostProcessor] is not eligible for getting processed by all BeanPostProcessors (for example: not eligible for auto-proxying)
2021-11-09 15:50:24.337 INFO  o.s.c.s.PostProcessorRegistrationDelegate$BeanPostProcessorChecker - Bean 'org.springframework.security.access.expression.method.DefaultMethodSecurityExpressionHandler@13213f26' of type [org.springframework.security.access.expression.method.DefaultMethodSecurityExpressionHandler] is not eligible for getting processed by all BeanPostProcessors (for example: not eligible for auto-proxying)
2021-11-09 15:50:24.350 INFO  o.s.c.s.PostProcessorRegistrationDelegate$BeanPostProcessorChecker - Bean 'org.springframework.security.config.annotation.method.configuration.GlobalMethodSecurityConfiguration' of type [org.springframework.security.config.annotation.method.configuration.GlobalMethodSecurityConfiguration$$EnhancerBySpringCGLIB$$47467edd] is not eligible for getting processed by all BeanPostProcessors (for example: not eligible for auto-proxying)
2021-11-09 15:50:24.361 INFO  o.s.c.s.PostProcessorRegistrationDelegate$BeanPostProcessorChecker - Bean 'methodSecurityMetadataSource' of type [org.springframework.security.access.method.DelegatingMethodSecurityMetadataSource] is not eligible for getting processed by all BeanPostProcessors (for example: not eligible for auto-proxying)
2021-11-09 15:50:24.893 INFO  o.s.boot.web.embedded.tomcat.TomcatWebServer - Tomcat initialized with port(s): 9000 (http)
2021-11-09 15:50:24.969 INFO  org.apache.coyote.http11.Http11NioProtocol - Initializing ProtocolHandler ["http-nio-9000"]
2021-11-09 15:50:24.986 INFO  org.apache.catalina.core.StandardService - Starting service [Tomcat]
2021-11-09 15:50:24.986 INFO  org.apache.catalina.core.StandardEngine - Starting Servlet Engine: Apache Tomcat/8.5.37
2021-11-09 15:50:24.992 INFO  org.apache.catalina.core.AprLifecycleListener - The APR based Apache Tomcat Native library which allows optimal performance in production environments was not found on the java.library.path: [C:\Program Files\Java\jdk1.8.0_241\bin;C:\Windows\Sun\Java\bin;C:\Windows\system32;C:\Windows;C:\Program Files (x86)\Common Files\Oracle\Java\javapath;C:\Windows\system32;C:\Windows;C:\Windows\System32\Wbem;C:\Windows\System32\WindowsPowerShell\v1.0\;C:\Windows\System32\OpenSSH\;"C:\Program Files\Java\jdk1.8.0_241\bin;C:\Program Files\Java\jdk1.8.0_241\jre\bin";D:\Tools\maven3.8.3\apache-maven-3.8.3\bin;D:\Tools\TortoiseSVN\bin;D:\Tools\XShell7\;D:\Tools\XFtp7\;D:\Tools\Git\Git\cmd;D:\Tools\Redis5.0.14\;C:\Program Files\MySQL\MySQL Shell 8.0\bin\;C:\Users\ThinkPad\AppData\Local\Microsoft\WindowsApps;;.]
2021-11-09 15:50:25.142 INFO  o.a.c.c.ContainerBase.[Tomcat].[localhost].[/mall] - Initializing Spring embedded WebApplicationContext
2021-11-09 15:50:25.142 INFO  org.springframework.web.context.ContextLoader - Root WebApplicationContext: initialization completed in 3060 ms
2021-11-09 15:50:26.068 INFO  org.elasticsearch.plugins.PluginsService - no modules loaded
2021-11-09 15:50:26.069 INFO  org.elasticsearch.plugins.PluginsService - loaded plugin [org.elasticsearch.index.reindex.ReindexPlugin]
2021-11-09 15:50:26.069 INFO  org.elasticsearch.plugins.PluginsService - loaded plugin [org.elasticsearch.join.ParentJoinPlugin]
2021-11-09 15:50:26.069 INFO  org.elasticsearch.plugins.PluginsService - loaded plugin [org.elasticsearch.percolator.PercolatorPlugin]
2021-11-09 15:50:26.069 INFO  org.elasticsearch.plugins.PluginsService - loaded plugin [org.elasticsearch.script.mustache.MustachePlugin]
2021-11-09 15:50:26.069 INFO  org.elasticsearch.plugins.PluginsService - loaded plugin [org.elasticsearch.transport.Netty4Plugin]
2021-11-09 15:50:27.247 INFO  o.s.d.e.client.TransportClientFactoryBean - Adding transport node : 127.0.0.1:9300
2021-11-09 15:50:30.782 INFO  o.s.boot.web.servlet.FilterRegistrationBean - Mapping filter: 'characterEncodingFilter' to: [/*]
2021-11-09 15:50:30.782 INFO  o.s.boot.web.servlet.FilterRegistrationBean - Mapping filter: 'webMvcMetricsFilter' to: [/*]
2021-11-09 15:50:30.782 INFO  o.s.boot.web.servlet.FilterRegistrationBean - Mapping filter: 'hiddenHttpMethodFilter' to: [/*]
2021-11-09 15:50:30.782 INFO  o.s.boot.web.servlet.FilterRegistrationBean - Mapping filter: 'httpPutFormContentFilter' to: [/*]
2021-11-09 15:50:30.783 INFO  o.s.boot.web.servlet.FilterRegistrationBean - Mapping filter: 'requestContextFilter' to: [/*]
2021-11-09 15:50:30.783 INFO  o.s.b.w.s.DelegatingFilterProxyRegistrationBean - Mapping filter: 'springSecurityFilterChain' to: [/*]
2021-11-09 15:50:30.783 INFO  o.s.boot.web.servlet.FilterRegistrationBean - Mapping filter: 'httpTraceFilter' to: [/*]
2021-11-09 15:50:30.783 INFO  o.s.boot.web.servlet.FilterRegistrationBean - Mapping filter: 'jwtAuthenticationTokenFilter' to: [/*]
2021-11-09 15:50:30.783 INFO  o.s.boot.web.servlet.ServletRegistrationBean - Servlet dispatcherServlet mapped to [/]
2021-11-09 15:50:31.906 INFO  o.s.w.s.m.m.a.RequestMappingHandlerMapping - Mapped "{[/v1/es/products/importAll],methods=[POST]}" onto public com.esc.mall.api.result.MallResult<java.lang.Integer> com.esc.mall.controller.elasticsearch.EsPmsProductController.importAllProduct()
2021-11-09 15:50:31.910 INFO  o.s.w.s.m.m.a.RequestMappingHandlerMapping - Mapped "{[/v1/products/list],methods=[GET]}" onto public com.esc.mall.api.result.MallResult<com.esc.mall.model.PmsProduct> com.esc.mall.controller.PmsProductController.list(com.esc.mall.dto.pms.product.PmsProductQueryDTO)
2021-11-09 15:50:31.912 INFO  o.s.w.s.m.m.a.RequestMappingHandlerMapping - Mapped "{[/v1/admin/register],methods=[POST]}" onto public com.esc.mall.api.result.MallResult com.esc.mall.controller.UmsAdminController.register(com.esc.mall.dto.ums.admin.UmsAdminRegisterDTO)
2021-11-09 15:50:31.912 INFO  o.s.w.s.m.m.a.RequestMappingHandlerMapping - Mapped "{[/v1/admin/login],methods=[POST]}" onto public com.esc.mall.api.result.MallResult com.esc.mall.controller.UmsAdminController.login(com.esc.mall.dto.ums.admin.UmsAdminLoginDTO)
2021-11-09 15:50:31.913 INFO  o.s.w.s.m.m.a.RequestMappingHandlerMapping - Mapped "{[/v1/member/register],methods=[POST]}" onto public com.esc.mall.api.result.MallResult com.esc.mall.controller.UmsMemberController.register(com.esc.mall.dto.ums.member.UmsMemberRegisterDTO)
2021-11-09 15:50:31.913 INFO  o.s.w.s.m.m.a.RequestMappingHandlerMapping - Mapped "{[/v1/member/getAuthCode],methods=[GET]}" onto public com.esc.mall.api.result.MallResult com.esc.mall.controller.UmsMemberController.getAuthCode(java.lang.String)
2021-11-09 15:50:31.917 INFO  o.s.w.s.m.m.a.RequestMappingHandlerMapping - Mapped "{[/swagger-resources]}" onto public org.springframework.http.ResponseEntity<java.util.List<springfox.documentation.swagger.web.SwaggerResource>> springfox.documentation.swagger.web.ApiResourceController.swaggerResources()
2021-11-09 15:50:31.918 INFO  o.s.w.s.m.m.a.RequestMappingHandlerMapping - Mapped "{[/swagger-resources/configuration/ui]}" onto public org.springframework.http.ResponseEntity<springfox.documentation.swagger.web.UiConfiguration> springfox.documentation.swagger.web.ApiResourceController.uiConfiguration()
2021-11-09 15:50:31.919 INFO  o.s.w.s.m.m.a.RequestMappingHandlerMapping - Mapped "{[/swagger-resources/configuration/security]}" onto public org.springframework.http.ResponseEntity<springfox.documentation.swagger.web.SecurityConfiguration> springfox.documentation.swagger.web.ApiResourceController.securityConfiguration()
2021-11-09 15:50:31.923 INFO  o.s.w.s.m.m.a.RequestMappingHandlerMapping - Mapped "{[/error]}" onto public org.springframework.http.ResponseEntity<java.util.Map<java.lang.String, java.lang.Object>> org.springframework.boot.autoconfigure.web.servlet.error.BasicErrorController.error(javax.servlet.http.HttpServletRequest)
2021-11-09 15:50:31.924 INFO  o.s.w.s.m.m.a.RequestMappingHandlerMapping - Mapped "{[/error],produces=[text/html]}" onto public org.springframework.web.servlet.ModelAndView org.springframework.boot.autoconfigure.web.servlet.error.BasicErrorController.errorHtml(javax.servlet.http.HttpServletRequest,javax.servlet.http.HttpServletResponse)
2021-11-09 15:50:32.060 INFO  o.s.b.actuate.endpoint.web.EndpointLinksResolver - Exposing 2 endpoint(s) beneath base path '/actuator'
2021-11-09 15:50:32.081 INFO  o.s.b.a.e.web.servlet.WebMvcEndpointHandlerMapping - Mapped "{[/actuator/health],methods=[GET],produces=[application/vnd.spring-boot.actuator.v2+json || application/json]}" onto public java.lang.Object org.springframework.boot.actuate.endpoint.web.servlet.AbstractWebMvcEndpointHandlerMapping$OperationHandler.handle(javax.servlet.http.HttpServletRequest,java.util.Map<java.lang.String, java.lang.String>)
2021-11-09 15:50:32.082 INFO  o.s.b.a.e.web.servlet.WebMvcEndpointHandlerMapping - Mapped "{[/actuator/info],methods=[GET],produces=[application/vnd.spring-boot.actuator.v2+json || application/json]}" onto public java.lang.Object org.springframework.boot.actuate.endpoint.web.servlet.AbstractWebMvcEndpointHandlerMapping$OperationHandler.handle(javax.servlet.http.HttpServletRequest,java.util.Map<java.lang.String, java.lang.String>)
2021-11-09 15:50:32.083 INFO  o.s.b.a.e.web.servlet.WebMvcEndpointHandlerMapping - Mapped "{[/actuator],methods=[GET],produces=[application/vnd.spring-boot.actuator.v2+json || application/json]}" onto protected java.util.Map<java.lang.String, java.util.Map<java.lang.String, org.springframework.boot.actuate.endpoint.web.Link>> org.springframework.boot.actuate.endpoint.web.servlet.WebMvcEndpointHandlerMapping.links(javax.servlet.http.HttpServletRequest,javax.servlet.http.HttpServletResponse)
2021-11-09 15:50:32.555 INFO  o.s.security.web.DefaultSecurityFilterChain - Creating filter chain: org.springframework.security.web.util.matcher.AnyRequestMatcher@1, [org.springframework.security.web.context.request.async.WebAsyncManagerIntegrationFilter@cf10c92, org.springframework.security.web.context.SecurityContextPersistenceFilter@1c18ee69, org.springframework.security.web.header.HeaderWriterFilter@b0d3e7, org.springframework.security.web.authentication.logout.LogoutFilter@5f7cd50e, com.esc.mall.security.JwtAuthenticationTokenFilter@1d9045a7, org.springframework.security.web.savedrequest.RequestCacheAwareFilter@65d7eea4, org.springframework.security.web.servletapi.SecurityContextHolderAwareRequestFilter@22aefae0, org.springframework.security.web.authentication.AnonymousAuthenticationFilter@f76872f, org.springframework.security.web.session.SessionManagementFilter@1ddf42dd, org.springframework.security.web.access.ExceptionTranslationFilter@1c90029b, org.springframework.security.web.access.intercept.FilterSecurityInterceptor@1a5b7394]
2021-11-09 15:50:32.660 INFO  s.d.s.w.PropertySourcedRequestMappingHandlerMapping - Mapped URL path [/v2/api-docs] onto method [public org.springframework.http.ResponseEntity<springfox.documentation.spring.web.json.Json> springfox.documentation.swagger2.web.Swagger2Controller.getDocumentation(java.lang.String,javax.servlet.http.HttpServletRequest)]
2021-11-09 15:50:32.806 INFO  o.s.web.servlet.handler.SimpleUrlHandlerMapping - Mapped URL path [/**/favicon.ico] onto handler of type [class org.springframework.web.servlet.resource.ResourceHttpRequestHandler]
2021-11-09 15:50:33.087 INFO  o.s.w.s.m.m.a.RequestMappingHandlerAdapter - Looking for @ControllerAdvice: org.springframework.boot.web.servlet.context.AnnotationConfigServletWebServerApplicationContext@d3957fe: startup date [Tue Nov 09 15:50:22 CST 2021]; root of context hierarchy
2021-11-09 15:50:33.162 INFO  o.s.web.servlet.handler.SimpleUrlHandlerMapping - Mapped URL path [/webjars/**] onto handler of type [class org.springframework.web.servlet.resource.ResourceHttpRequestHandler]
2021-11-09 15:50:33.162 INFO  o.s.web.servlet.handler.SimpleUrlHandlerMapping - Mapped URL path [/**] onto handler of type [class org.springframework.web.servlet.resource.ResourceHttpRequestHandler]
2021-11-09 15:50:33.187 INFO  o.s.w.s.m.m.a.ExceptionHandlerExceptionResolver - Detected @ExceptionHandler methods in globalExceptionHandler
2021-11-09 15:50:33.950 INFO  o.s.jmx.export.annotation.AnnotationMBeanExporter - Registering beans for JMX exposure on startup
2021-11-09 15:50:33.952 INFO  o.s.jmx.export.annotation.AnnotationMBeanExporter - Bean with name 'dataSource' has been autodetected for JMX exposure
2021-11-09 15:50:33.961 INFO  o.s.jmx.export.annotation.AnnotationMBeanExporter - Located MBean 'dataSource': registering with JMX server as MBean [com.zaxxer.hikari:name=dataSource,type=HikariDataSource]
2021-11-09 15:50:33.968 INFO  o.s.context.support.DefaultLifecycleProcessor - Starting beans in phase 2147483647
2021-11-09 15:50:33.968 INFO  s.d.s.web.plugins.DocumentationPluginsBootstrapper - Context refreshed
2021-11-09 15:50:33.987 INFO  s.d.s.web.plugins.DocumentationPluginsBootstrapper - Found 1 custom documentation plugin(s)
2021-11-09 15:50:34.029 INFO  s.d.spring.web.scanners.ApiListingReferenceScanner - Scanning for api listing references
2021-11-09 15:50:34.221 INFO  s.d.s.w.r.operation.CachingOperationNameGenerator - Generating unique operation named: registerUsingPOST_1
2021-11-09 15:50:34.252 INFO  org.apache.coyote.http11.Http11NioProtocol - Starting ProtocolHandler ["http-nio-9000"]
2021-11-09 15:50:34.253 INFO  org.apache.tomcat.util.net.NioSelectorPool - Using a shared selector for servlet write/read
2021-11-09 15:50:34.272 INFO  o.s.boot.web.embedded.tomcat.TomcatWebServer - Tomcat started on port(s): 9000 (http) with context path '/mall'
2021-11-09 15:50:34.275 INFO  com.esc.mall.MallWebApplication - Started MallWebApplication in 12.892 seconds (JVM running for 15.257)
2021-11-09 15:50:38.077 INFO  o.a.c.c.ContainerBase.[Tomcat].[localhost].[/mall] - Initializing Spring FrameworkServlet 'dispatcherServlet'
2021-11-09 15:50:38.077 INFO  org.springframework.web.servlet.DispatcherServlet - FrameworkServlet 'dispatcherServlet': initialization started
2021-11-09 15:50:38.100 INFO  org.springframework.web.servlet.DispatcherServlet - FrameworkServlet 'dispatcherServlet': initialization completed in 23 ms
2021-11-09 15:50:38.182 INFO  com.zaxxer.hikari.HikariDataSource - HikariPool-1 - Starting...
2021-11-09 15:50:38.565 INFO  com.zaxxer.hikari.HikariDataSource - HikariPool-1 - Start completed.
2021-11-09 18:01:26.128 INFO  o.s.b.w.s.c.AnnotationConfigServletWebServerApplicationContext - Closing org.springframework.boot.web.servlet.context.AnnotationConfigServletWebServerApplicationContext@d3957fe: startup date [Tue Nov 09 15:50:22 CST 2021]; root of context hierarchy
2021-11-09 18:01:26.160 INFO  o.s.context.support.DefaultLifecycleProcessor - Stopping beans in phase 2147483647
2021-11-09 18:01:26.165 INFO  o.s.jmx.export.annotation.AnnotationMBeanExporter - Unregistering JMX-exposed beans on shutdown
2021-11-09 18:01:26.166 INFO  o.s.jmx.export.annotation.AnnotationMBeanExporter - Unregistering JMX-exposed beans
2021-11-09 18:01:27.204 INFO  com.zaxxer.hikari.HikariDataSource - HikariPool-1 - Shutdown initiated...
2021-11-09 18:01:27.211 INFO  com.zaxxer.hikari.HikariDataSource - HikariPool-1 - Shutdown completed.
